Log file open, 12/20/18 19:30:44
LogWindows: Failed to load 'aqProf.dll' (GetLastError=126)
LogWindows: File 'aqProf.dll' does not exist
LogWindows: Failed to load 'VSPerf140.dll' (GetLastError=126)
LogWindows: File 'VSPerf140.dll' does not exist
LogWindows: Failed to load 'VtuneApi.dll' (GetLastError=126)
LogWindows: File 'VtuneApi.dll' does not exist
LogWindows: Failed to load 'VtuneApi32e.dll' (GetLastError=126)
LogWindows: File 'VtuneApi32e.dll' does not exist
LogInit: Display: Running engine for game: Material
LogPlatformFile: Not using cached read wrapper
LogTaskGraph: Started task graph with 5 named threads and 23 total threads with 3 sets of task threads.
LogStats: Stats thread started at 0.278452
LogD3D11RHI: Loaded GFSDK_Aftermath_Lib.x64.dll
LogICUInternationalization: Display: ICU TimeZone Detection - Raw Offset: +8:00, Platform Override: ''
LogPluginManager: Mounting plugin Paper2D
LogPluginManager: Mounting plugin AISupport
LogPluginManager: Mounting plugin LightPropagationVolume
LogPluginManager: Mounting plugin CLionSourceCodeAccess
LogPluginManager: Mounting plugin CodeLiteSourceCodeAccess
LogPluginManager: Mounting plugin GitSourceControl
LogPluginManager: Mounting plugin KDevelopSourceCodeAccess
LogPluginManager: Mounting plugin NullSourceCodeAccess
LogPluginManager: Mounting plugin PerforceSourceControl
LogPluginManager: Mounting plugin SubversionSourceControl
LogPluginManager: Mounting plugin UObjectPlugin
LogPluginManager: Mounting plugin VisualStudioCodeSourceCodeAccess
LogPluginManager: Mounting plugin VisualStudioSourceCodeAccess
LogPluginManager: Mounting plugin XCodeSourceCodeAccess
LogPluginManager: Mounting plugin AssetManagerEditor
LogPluginManager: Mounting plugin CryptoKeys
LogPluginManager: Mounting plugin DataValidation
LogPluginManager: Mounting plugin FacialAnimation
LogPluginManager: Mounting plugin GameplayTagsEditor
LogPluginManager: Mounting plugin MacGraphicsSwitching
LogPluginManager: Mounting plugin MeshEditor
LogPluginManager: Mounting plugin MobileLauncherProfileWizard
LogPluginManager: Mounting plugin PluginBrowser
LogPluginManager: Mounting plugin SpeedTreeImporter
LogPluginManager: Mounting plugin DatasmithContent
LogPluginManager: Mounting plugin AlembicImporter
LogPluginManager: Mounting plugin AppleImageUtils
LogPluginManager: Mounting plugin AppleVision
LogPluginManager: Mounting plugin BackChannel
LogPluginManager: Mounting plugin CharacterAI
LogPluginManager: Mounting plugin GeometryCache
LogPluginManager: Mounting plugin HTML5Networking
LogPluginManager: Mounting plugin ProxyLODPlugin
LogPluginManager: Mounting plugin MagicLeap
LogPluginManager: Mounting plugin MagicLeapEmulator
LogPluginManager: Mounting plugin MagicLeapMedia
LogPluginManager: Mounting plugin AndroidMedia
LogPluginManager: Mounting plugin AvfMedia
LogPluginManager: Mounting plugin ImgMedia
LogPluginManager: Mounting plugin LinearTimecode
LogPluginManager: Mounting plugin MediaCompositing
LogPluginManager: Mounting plugin MediaPlayerEditor
LogPluginManager: Mounting plugin WmfMedia
LogPluginManager: Mounting plugin TcpMessaging
LogPluginManager: Mounting plugin UdpMessaging
LogPluginManager: Mounting plugin ActorSequence
LogPluginManager: Mounting plugin LevelSequenceEditor
LogPluginManager: Mounting plugin MatineeToLevelSequence
LogPluginManager: Mounting plugin NetcodeUnitTest
LogPluginManager: Mounting plugin NUTUnrealEngine4
LogPluginManager: Mounting plugin OnlineSubsystemGooglePlay
LogPluginManager: Mounting plugin OnlineSubsystemIOS
LogPluginManager: Mounting plugin OnlineSubsystem
LogPluginManager: Mounting plugin OnlineSubsystemNull
LogPluginManager: Mounting plugin OnlineSubsystemUtils
LogPluginManager: Mounting plugin LauncherChunkInstaller
LogPluginManager: Mounting plugin AndroidDeviceProfileSelector
LogPluginManager: Mounting plugin AndroidMoviePlayer
LogPluginManager: Mounting plugin AndroidPermission
LogPluginManager: Mounting plugin AppleMoviePlayer
LogPluginManager: Mounting plugin ArchVisCharacter
LogPluginManager: Mounting plugin AudioCapture
LogPluginManager: Mounting plugin CableComponent
LogPluginManager: Mounting plugin CustomMeshComponent
LogPluginManager: Mounting plugin EditableMesh
LogPluginManager: Mounting plugin ExampleDeviceProfileSelector
LogPluginManager: Mounting plugin GoogleCloudMessaging
LogPluginManager: Mounting plugin ImmediatePhysics
LogPluginManager: Mounting plugin IOSDeviceProfileSelector
LogPluginManager: Mounting plugin LinuxDeviceProfileSelector
LogPluginManager: Mounting plugin LocationServicesBPLibrary
LogPluginManager: Mounting plugin MobilePatchingUtils
LogPluginManager: Mounting plugin OculusVR
LogPluginManager: Plugin shader directory ../../../Engine/Plugins/Runtime/Oculus/OculusVR/Shaders found
LogPluginManager: Mapping shader source directory ../../../Engine/Plugins/Runtime/Oculus/OculusVR/Shaders to virtual directory /Plugin/OculusVR
LogPluginManager: Mounting plugin PhysXVehicles
LogPluginManager: Mounting plugin ProceduralMeshComponent
LogPluginManager: Mounting plugin RuntimePhysXCooking
LogPluginManager: Mounting plugin SteamVR
LogPluginManager: Mounting plugin WindowsMoviePlayer
LogStreaming: Display: Took  0.161s to configure plugins.
LogInit: Using libcurl 7.55.1-DEV
LogInit:  - built for x86_64-pc-win32
LogInit:  - supports SSL with OpenSSL/1.0.2h
LogInit:  - supports HTTP deflate (compression) using libz 1.2.8
LogInit:  - other features:
LogInit:      CURL_VERSION_SSL
LogInit:      CURL_VERSION_LIBZ
LogInit:      CURL_VERSION_IPV6
LogInit:      CURL_VERSION_ASYNCHDNS
LogInit:      CURL_VERSION_LARGEFILE
LogInit:      CURL_VERSION_IDN
LogInit:  CurlRequestOptions (configurable via config and command line):
LogInit:  - bVerifyPeer = false  - Libcurl will NOT verify peer certificate
LogInit:  - bUseHttpProxy = true  - Libcurl will use HTTP proxy
LogInit:  - HttpProxyAddress = '127.0.0.1:9666'
LogInit:  - bDontReuseConnections = false  - Libcurl will reuse connections
LogInit:  - CertBundlePath = nullptr  - Libcurl will use whatever was configured at build time.
LogInit:  - MaxHostConnections = 16  - Libcurl will limit the number of connections to a host
LogInit:  - LocalHostAddr = Default
LogInit:  - BufferSize = 65536
LogInit: WinSock: version 1.1 (2.2), MaxSocks=32767, MaxUdp=65467
LogInit: Build: ++UE4+Release-4.20-CL-4302132
LogInit: Engine Version: 4.20.2-4302132+++UE4+Release-4.20
LogInit: Compatible Engine Version: 4.20.0-4212847+++UE4+Release-4.20
LogInit: Net CL: 4212847
LogInit: OS: Windows 10 (), CPU: Intel(R) Core(TM) i7-6700 CPU @ 3.40GHz, GPU: NVIDIA GeForce GTX 1050
LogInit: Compiled (64-bit): Aug 21 2018 02:06:06
LogInit: Compiled with Visual C++: 19.13.26129.00
LogInit: Build Configuration: Development
LogInit: Branch Name: ++UE4+Release-4.20
LogInit: Command Line:  
LogInit: Base Directory: D:/EpicGames/UE_4.20/Engine/Binaries/Win64/
LogInit: Installed Engine Build: 1
LogDevObjectVersion: Number of dev versions registered: 20
LogDevObjectVersion:   Dev-Blueprints (B0D832E4-1F89-4F0D-ACCF-7EB736FD4AA2): 10
LogDevObjectVersion:   Dev-Build (E1C64328-A22C-4D53-A36C-8E866417BD8C): 0
LogDevObjectVersion:   Dev-Core (375EC13C-06E4-48FB-B500-84F0262A717E): 2
LogDevObjectVersion:   Dev-Editor (E4B068ED-F494-42E9-A231-DA0B2E46BB41): 24
LogDevObjectVersion:   Dev-Framework (CFFC743F-43B0-4480-9391-14DF171D2073): 34
LogDevObjectVersion:   Dev-Mobile (B02B49B5-BB20-44E9-A304-32B752E40360): 2
LogDevObjectVersion:   Dev-Networking (A4E4105C-59A1-49B5-A7C5-40C4547EDFEE): 0
LogDevObjectVersion:   Dev-Online (39C831C9-5AE6-47DC-9A44-9C173E1C8E7C): 0
LogDevObjectVersion:   Dev-Physics (78F01B33-EBEA-4F98-B9B4-84EACCB95AA2): 0
LogDevObjectVersion:   Dev-Platform (6631380F-2D4D-43E0-8009-CF276956A95A): 0
LogDevObjectVersion:   Dev-Rendering (12F88B9F-8875-4AFC-A67C-D90C383ABD29): 26
LogDevObjectVersion:   Dev-Sequencer (7B5AE74C-D270-4C10-A958-57980B212A5A): 9
LogDevObjectVersion:   Dev-VR (D7296918-1DD6-4BDD-9DE2-64A83CC13884): 2
LogDevObjectVersion:   Dev-LoadTimes (C2A15278-BFE7-4AFE-6C17-90FF531DF755): 1
LogDevObjectVersion:   Private-Geometry (6EACA3D4-40EC-4CC1-B786-8BED09428FC5): 3
LogDevObjectVersion:   Dev-AnimPhys (29E575DD-E0A3-4627-9D10-D276232CDCEA): 17
LogDevObjectVersion:   Dev-ReflectionCapture (6B266CEC-1EC7-4B8F-A30B-E4D90942FC07): 1
LogDevObjectVersion:   Dev-Automation (0DF73D61-A23F-47EA-B727-89E90C41499A): 1
LogDevObjectVersion:   FortniteMain (601D1886-AC64-4F84-AA16-D3DE0DEAC7D6): 12
LogDevObjectVersion:   Dev-Enterprise (9DFFBCD6-494F-0158-E221-12823C92A888): 1
LogStreaming: Display: Took  0.000s to delete old logs.
LogInit: Presizing for max 8388607 objects, including 0 objects not considered by GC, pre-allocating 0 bytes for permanent pool.
LogInit: Object subsystem initialized
[2018.12.20-11.30.45:325][  0]LogInit: Selected Device Profile: [Windows]
[2018.12.20-11.30.45:325][  0]LogInit: Applying CVar settings loaded from the selected device profile: [Windows]
[2018.12.20-11.30.45:334][  0]LogHAL: Display: Platform has ~ 16 GB [17053208576 / 17179869184 / 16], which maps to Larger [LargestMinGB=32, LargerMinGB=12, DefaultMinGB=8, SmallerMinGB=6, SmallestMinGB=0)
[2018.12.20-11.30.45:334][  0]LogInit: Setting Device Profile CVar: [[r.Vulkan.UseRealUBs:1]]
[2018.12.20-11.30.45:334][  0]LogInit: Going up to parent DeviceProfile []
[2018.12.20-11.30.45:334][  0]LogInit: Computer: SH-wengjun
[2018.12.20-11.30.45:335][  0]LogInit: User: wengjun
[2018.12.20-11.30.45:335][  0]LogInit: CPU Page size=4096, Cores=4
[2018.12.20-11.30.45:335][  0]LogInit: High frequency timer resolution =3.328126 MHz
[2018.12.20-11.30.45:335][  0]LogMemory: Memory total: Physical=15.9GB (16GB approx)
[2018.12.20-11.30.45:335][  0]LogMemory: Platform Memory Stats for Windows
[2018.12.20-11.30.45:335][  0]LogMemory: Process Physical Memory: 100.83 MB used, 100.83 MB peak
[2018.12.20-11.30.45:335][  0]LogMemory: Process Virtual Memory: 91.12 MB used, 91.12 MB peak
[2018.12.20-11.30.45:335][  0]LogMemory: Physical Memory: 6425.17 MB used,  9838.04 MB free, 16263.21 MB total
[2018.12.20-11.30.45:335][  0]LogMemory: Virtual Memory: 4645.96 MB used,  9838.04 MB free, 134217728.00 MB total
[2018.12.20-11.30.45:370][  0]LogInit: Overriding language with editor language configuration option (en).
[2018.12.20-11.30.45:370][  0]LogInit: Overriding locale with editor locale configuration option (en).
[2018.12.20-11.30.45:731][  0]LogStreaming: Display: Took  0.362s to InitEngineTextLocalization.
[2018.12.20-11.30.45:732][  0]LogInit: Setting process to per monitor DPI aware
[2018.12.20-11.30.45:788][  0]LogSlate: New Slate User Created.  User Index 0, Is Virtual User: 0
[2018.12.20-11.30.45:788][  0]LogSlate: Slate User Registered.  User Index 0, Is Virtual User: 0
[2018.12.20-11.30.46:011][  0]LogHMD: Failed to initialize OpenVR with code 110
[2018.12.20-11.30.46:011][  0]LogD3D11RHI: D3D11 adapters:
[2018.12.20-11.30.46:085][  0]LogD3D11RHI:    0. 'NVIDIA GeForce GTX 1050' (Feature Level 11_0)
[2018.12.20-11.30.46:085][  0]LogD3D11RHI:       1977/0/8131 MB DedicatedVideo/DedicatedSystem/SharedSystem, Outputs:1, VendorId:0x10de
[2018.12.20-11.30.46:094][  0]LogD3D11RHI:    1. 'Intel(R) HD Graphics 530' (Feature Level 11_0)
[2018.12.20-11.30.46:094][  0]LogD3D11RHI:       128/0/8131 MB DedicatedVideo/DedicatedSystem/SharedSystem, Outputs:0, VendorId:0x8086
[2018.12.20-11.30.46:096][  0]LogD3D11RHI:    2. 'Microsoft Basic Render Driver' (Feature Level 11_0)
[2018.12.20-11.30.46:096][  0]LogD3D11RHI:       0/0/8131 MB DedicatedVideo/DedicatedSystem/SharedSystem, Outputs:0, VendorId:0x1414
[2018.12.20-11.30.46:096][  0]LogD3D11RHI: Chosen D3D11 Adapter: 0
[2018.12.20-11.30.46:109][  0]LogD3D11RHI: Creating new Direct3DDevice
[2018.12.20-11.30.46:109][  0]LogD3D11RHI:     GPU DeviceId: 0x1c81 (for the marketing name, search the web for "GPU Device Id")
[2018.12.20-11.30.46:109][  0]LogWindows: EnumDisplayDevices:
[2018.12.20-11.30.46:109][  0]LogWindows:    0. 'NVIDIA GeForce GTX 1050' (P:1 D:1)
[2018.12.20-11.30.46:110][  0]LogWindows:    1. 'NVIDIA GeForce GTX 1050' (P:0 D:0)
[2018.12.20-11.30.46:110][  0]LogWindows:    2. 'NVIDIA GeForce GTX 1050' (P:0 D:0)
[2018.12.20-11.30.46:110][  0]LogWindows:    3. 'NVIDIA GeForce GTX 1050' (P:0 D:0)
[2018.12.20-11.30.46:110][  0]LogWindows:    4. 'Intel(R) HD Graphics 530' (P:0 D:0)
[2018.12.20-11.30.46:111][  0]LogWindows:    5. 'Intel(R) HD Graphics 530' (P:0 D:0)
[2018.12.20-11.30.46:111][  0]LogWindows:    6. 'Intel(R) HD Graphics 530' (P:0 D:0)
[2018.12.20-11.30.46:111][  0]LogWindows: DebugString: PrimaryIsNotTheChoosenAdapter PrimaryIsNotTheChoosenAdapter PrimaryIsNotTheChoosenAdapter FoundDriverCount:4 
[2018.12.20-11.30.46:111][  0]LogD3D11RHI:     Adapter Name: NVIDIA GeForce GTX 1050
[2018.12.20-11.30.46:111][  0]LogD3D11RHI:   Driver Version: 391.35 (internal:23.21.13.9135, unified:391.35)
[2018.12.20-11.30.46:111][  0]LogD3D11RHI:      Driver Date: 3-23-2018
[2018.12.20-11.30.46:111][  0]LogRHI: Texture pool is 1384 MB (70% of 1977 MB)
[2018.12.20-11.30.46:145][  0]LogD3D11RHI: Async texture creation enabled
[2018.12.20-11.30.46:162][  0]LogD3D11RHI: GPU Timing Frequency: 1000.000000 (Debug: 2 2)
[2018.12.20-11.30.46:211][  0]LogShaderCompilers: Guid format shader working directory is 6 characters bigger than the processId version (E:/FreeMakeGame/SmallGame/Client/Material/Intermediate/Shaders/WorkingDirectory/44764/).
[2018.12.20-11.30.46:211][  0]LogShaderCompilers: Cleaned the shader compiler working directory 'C:/Users/wengjun/AppData/Local/Temp/UnrealShaderWorkingDir/C831FEA84E5B7BE401044EA23AFAF771/'.
[2018.12.20-11.30.46:529][  0]LogTemp: Display: Loaded TP AllDesktopTargetPlatform
[2018.12.20-11.30.46:542][  0]LogTemp: Display: Loaded TP MacClientTargetPlatform
[2018.12.20-11.30.46:555][  0]LogTemp: Display: Loaded TP MacNoEditorTargetPlatform
[2018.12.20-11.30.46:566][  0]LogTemp: Display: Loaded TP MacServerTargetPlatform
[2018.12.20-11.30.46:579][  0]LogTemp: Display: Loaded TP MacTargetPlatform
[2018.12.20-11.30.46:592][  0]LogTemp: Display: Loaded TP WindowsClientTargetPlatform
[2018.12.20-11.30.46:605][  0]LogTemp: Display: Loaded TP WindowsNoEditorTargetPlatform
[2018.12.20-11.30.46:617][  0]LogTemp: Display: Loaded TP WindowsServerTargetPlatform
[2018.12.20-11.30.46:624][  0]LogTemp: Display: Loaded TP WindowsTargetPlatform
[2018.12.20-11.30.46:702][  0]LogTemp: Display: Loaded TP AndroidTargetPlatform
[2018.12.20-11.30.46:702][  0]LogTemp: Display: Loaded TP AndroidTargetPlatform
[2018.12.20-11.30.46:702][  0]LogTemp: Display: Loaded TP AndroidTargetPlatform
[2018.12.20-11.30.46:702][  0]LogTemp: Display: Loaded TP AndroidTargetPlatform
[2018.12.20-11.30.46:702][  0]LogTemp: Display: Loaded TP AndroidTargetPlatform
[2018.12.20-11.30.46:702][  0]LogTemp: Display: Loaded TP AndroidTargetPlatform
[2018.12.20-11.30.46:702][  0]LogTemp: Display: Loaded TP AndroidTargetPlatform
[2018.12.20-11.30.46:703][  0]LogTemp: Display: Loaded TP AndroidTargetPlatform
[2018.12.20-11.30.46:703][  0]LogTemp: Display: Loaded TP AndroidTargetPlatform
[2018.12.20-11.30.46:703][  0]LogTemp: Display: Loaded TP AndroidTargetPlatform
[2018.12.20-11.30.46:703][  0]LogTemp: Display: Loaded TP AndroidTargetPlatform
[2018.12.20-11.30.46:703][  0]LogTemp: Display: Loaded TP AndroidTargetPlatform
[2018.12.20-11.30.46:703][  0]LogTemp: Display: Loaded TP AndroidTargetPlatform
[2018.12.20-11.30.46:703][  0]LogTemp: Display: Loaded TP AndroidTargetPlatform
[2018.12.20-11.30.46:703][  0]LogTemp: Display: Loaded TP AndroidTargetPlatform
[2018.12.20-11.30.46:703][  0]LogTemp: Display: Loaded TP AndroidTargetPlatform
[2018.12.20-11.30.46:703][  0]LogTemp: Display: Loaded TP AndroidTargetPlatform
[2018.12.20-11.30.46:703][  0]LogTemp: Display: Loaded TP AndroidTargetPlatform
[2018.12.20-11.30.46:704][  0]LogTemp: Display: Loaded TP HTML5TargetPlatform
[2018.12.20-11.30.46:762][  0]LogTemp: Display: Loaded TP IOSTargetPlatform
[2018.12.20-11.30.46:762][  0]LogTemp: Display: Loaded TP IOSTargetPlatform
[2018.12.20-11.30.46:784][  0]LogTemp: Display: Loaded TP TVOSTargetPlatform
[2018.12.20-11.30.46:784][  0]LogTemp: Display: Loaded TP TVOSTargetPlatform
[2018.12.20-11.30.46:798][  0]LogTemp: Display: Loaded TP LinuxClientTargetPlatform
[2018.12.20-11.30.46:812][  0]LogTemp: Display: Loaded TP LinuxNoEditorTargetPlatform
[2018.12.20-11.30.46:826][  0]LogTemp: Display: Loaded TP LinuxServerTargetPlatform
[2018.12.20-11.30.46:838][  0]LogTemp: Display: Loaded TP LinuxTargetPlatform
[2018.12.20-11.30.46:847][  0]LogTemp: Display: Loaded TP LuminTargetPlatform
[2018.12.20-11.30.46:848][  0]LogTargetPlatformManager: Display: Building Assets For Windows
[2018.12.20-11.30.46:903][  0]LogXGEController: Cleaning working directory: C:/Users/wengjun/AppData/Local/Temp/UnrealXGEWorkingDir/
[2018.12.20-11.30.46:904][  0]LogXGEController: Cannot use XGE Controller as Incredibuild is not installed on this machine.
[2018.12.20-11.30.46:904][  0]LogShaderCompilers: Cannot use XGE Shader Compiler as Incredibuild is not installed on this machine.
[2018.12.20-11.30.46:904][  0]LogShaderCompilers: Display: Using Local Shader Compiler.
[2018.12.20-11.30.47:578][  0]LogDerivedDataCache: Display: Max Cache Size: 512 MB
[2018.12.20-11.30.47:634][  0]LogDerivedDataCache: Loaded boot cache 0.06s 71MB C:/Users/wengjun/AppData/Local/UnrealEngine/4.20/DerivedDataCache/Boot.ddc.
[2018.12.20-11.30.47:635][  0]LogDerivedDataCache: Display: Loaded Boot cache: C:/Users/wengjun/AppData/Local/UnrealEngine/4.20/DerivedDataCache/Boot.ddc
[2018.12.20-11.30.47:635][  0]LogDerivedDataCache: FDerivedDataBackendGraph:  Pak pak cache file E:/FreeMakeGame/SmallGame/Client/Material/DerivedDataCache/DDC.ddp not found, will not use a pak cache.
[2018.12.20-11.30.47:635][  0]LogDerivedDataCache: Unable to find inner node Pak for hierarchical cache Hierarchy.
[2018.12.20-11.30.47:635][  0]LogDerivedDataCache: FDerivedDataBackendGraph:  CompressedPak pak cache file E:/FreeMakeGame/SmallGame/Client/Material/DerivedDataCache/Compressed.ddp not found, will not use a pak cache.
[2018.12.20-11.30.47:635][  0]LogDerivedDataCache: Unable to find inner node CompressedPak for hierarchical cache Hierarchy.
[2018.12.20-11.30.47:647][  0]LogDerivedDataCache: Display: Pak cache opened for reading ../../../Engine/DerivedDataCache/Compressed.ddp.
[2018.12.20-11.30.47:663][  0]LogDerivedDataCache: Using Local data cache path C:/Users/wengjun/AppData/Local/UnrealEngine/Common/DerivedDataCache: Writable
[2018.12.20-11.30.47:663][  0]LogDerivedDataCache: Shared data cache path not found in *engine.ini, will not use an Shared cache.
[2018.12.20-11.30.47:663][  0]LogDerivedDataCache: Unable to find inner node Shared for hierarchical cache Hierarchy.
[2018.12.20-11.30.47:679][  0]LogMaterial: Verifying Global Shaders for PCD3D_SM5
[2018.12.20-11.30.47:681][  0]LogSlate: Using FreeType 2.6.0
[2018.12.20-11.30.47:681][  0]LogSlate: SlateFontServices - WITH_FREETYPE: 1, WITH_HARFBUZZ: 1
[2018.12.20-11.30.47:757][  0]LogAssetRegistry: FAssetRegistry took 0.0255 seconds to start up
[2018.12.20-11.30.48:048][  0]LogInit: Selected Device Profile: [Windows]
[2018.12.20-11.30.48:177][  0]LogSimplygon: Simplygon DLL not present - disabling.
[2018.12.20-11.30.48:180][  0]LogMeshReduction: Using SimplygonSwarm for distributed automatic mesh merging
[2018.12.20-11.30.48:180][  0]LogMeshReduction: Using ProxyLODMeshReduction for automatic mesh merging
[2018.12.20-11.30.48:180][  0]LogMeshReduction: Using QuadricMeshReduction for automatic static mesh reduction
[2018.12.20-11.30.48:180][  0]LogMeshReduction: No automatic skeletal mesh reduction module available
[2018.12.20-11.30.48:196][  0]LogNetVersion: Material 1.0.0, NetCL: 4212847, EngineNetVer: 5, GameNetVer: 0 (Checksum: 3674944370)
[2018.12.20-11.30.48:644][  0]LogPackageLocalizationCache: Processed 11 localized package path(s) for 1 prioritized culture(s) in 0.063186 seconds
[2018.12.20-11.30.48:653][  0]LogUObjectArray: 38425 objects as part of root set at end of initial load.
[2018.12.20-11.30.48:653][  0]LogUObjectAllocator: 6690864 out of 0 bytes used by permanent object pool.
[2018.12.20-11.30.48:653][  0]LogUObjectArray: CloseDisregardForGC: 0/0 objects in disregard for GC pool
[2018.12.20-11.30.49:480][  0]LogTcpMessaging: Initializing TcpMessaging bridge
[2018.12.20-11.30.49:494][  0]LogUdpMessaging: Initializing bridge on interface 0.0.0.0:0 to multicast group 230.0.0.1:6666.
[2018.12.20-11.30.49:638][  0]SourceControl: Source control is disabled
[2018.12.20-11.30.49:638][  0]SourceControl: Source control is disabled
[2018.12.20-11.30.49:640][  0]SourceControl: Source control is disabled
[2018.12.20-11.30.49:641][  0]SourceControl: Source control is disabled
[2018.12.20-11.30.49:808][  0]LogAndroidPermission: UAndroidPermissionCallbackProxy::GetInstance
[2018.12.20-11.30.49:877][  0]LogOcInput: OculusInput pre-init called
[2018.12.20-11.30.49:936][  0]LogEngine: Initializing Engine...
[2018.12.20-11.30.49:938][  0]LogHMD: Failed to initialize OpenVR with code 110
[2018.12.20-11.30.49:939][  0]LogStats: UGameplayTagsManager::ConstructGameplayTagTree: ImportINI prefixes -  0.000 s
[2018.12.20-11.30.49:939][  0]LogStats: UGameplayTagsManager::ConstructGameplayTagTree: Construct from data asset -  0.000 s
[2018.12.20-11.30.49:939][  0]LogStats: UGameplayTagsManager::ConstructGameplayTagTree: ImportINI -  0.000 s
[2018.12.20-11.30.49:939][  0]LogStats: UGameplayTagsManager::ConstructGameplayTagTree: GameplayTagTreeChangedEvent.Broadcast -  0.000 s
[2018.12.20-11.30.50:144][  0]LogInit: Initializing FReadOnlyCVARCache
[2018.12.20-11.30.50:154][  0]LogAIModule: Creating AISystem for world Untitled
[2018.12.20-11.30.50:171][  0]LogInit: XAudio2 using '扬声器 (Conexant HD Audio)' : 2 channels at 48 kHz using 32 bits per sample (channel mask 0x3)
[2018.12.20-11.30.50:187][  0]LogInit: FAudioDevice initialized.
[2018.12.20-11.30.50:187][  0]LogNetVersion: Set ProjectVersion to 1.0.0.0. Version Checksum will be recalculated on next use.
[2018.12.20-11.30.50:271][  0]LogDerivedDataCache: Saved boot cache 0.08s 71MB C:/Users/wengjun/AppData/Local/UnrealEngine/4.20/DerivedDataCache/Boot.ddc.
[2018.12.20-11.30.50:281][  0]LogInit: Texture streaming: Enabled
[2018.12.20-11.30.50:505][  0]LogEngineSessionManager: EngineSessionManager initialized
[2018.12.20-11.30.50:521][  0]LogInit: Transaction tracking system initialized
[2018.12.20-11.30.50:536][  0]BlueprintLog: New page: Editor Load
[2018.12.20-11.30.50:596][  0]LocalizationService: Localization service is disabled
[2018.12.20-11.30.51:154][  0]LogCook: Display: Max memory allowance for cook 16384mb min free memory 0mb
[2018.12.20-11.30.51:154][  0]LogCook: Display: Mobile HDR setting 1
[2018.12.20-11.30.51:154][  0]LogGameplayTags: Display: UGameplayTagsManager::DoneAddingNativeTags. DelegateIsBound: 0
[2018.12.20-11.30.51:154][  0]LogStats: UGameplayTagsManager::ConstructGameplayTagTree: ImportINI prefixes -  0.000 s
[2018.12.20-11.30.51:154][  0]LogStats: UGameplayTagsManager::ConstructGameplayTagTree: Construct from data asset -  0.000 s
[2018.12.20-11.30.51:154][  0]LogStats: UGameplayTagsManager::ConstructGameplayTagTree: ImportINI -  0.000 s
[2018.12.20-11.30.51:154][  0]LogStats: UGameplayTagsManager::ConstructGameplayTagTree: GameplayTagTreeChangedEvent.Broadcast -  0.000 s
[2018.12.20-11.30.51:264][  0]LogFileCache: Scanning file cache for directory 'E:/FreeMakeGame/SmallGame/Client/Material/Content/' took 0.01s
[2018.12.20-11.30.51:264][  0]SourceControl: Source control is disabled
[2018.12.20-11.30.51:264][  0]Cmd: MAP LOAD FILE="E:/FreeMakeGame/SmallGame/Client/Material/Content/ThirdPersonBP/Maps/ThirdPersonExampleMap.umap" TEMPLATE=0 SHOWPROGRESS=1 FEATURELEVEL=3
[2018.12.20-11.30.51:265][  0]LogEditorServer: Warning: Can't find file 'E:/FreeMakeGame/SmallGame/Client/Material/Content/ThirdPersonBP/Maps/ThirdPersonExampleMap.umap'
[2018.12.20-11.30.51:265][  0]Cmd: MAP CHECKDEP NOCLEARLOG
[2018.12.20-11.30.51:312][  0]MapCheck: Map check complete: 0 Error(s), 0 Warning(s), took 46.908ms to complete.
[2018.12.20-11.30.51:312][  0]LogFileHelpers: Loading map 'ThirdPersonExampleMap' took 0.047
[2018.12.20-11.30.51:459][  0]LogSlate: Updating window title bar state: overlay mode, drag disabled, window buttons hidden, title bar hidden
[2018.12.20-11.30.51:467][  0]LogSlate: Updating window title bar state: overlay mode, drag disabled, window buttons hidden, title bar hidden
[2018.12.20-11.30.51:475][  0]LogSlate: Updating window title bar state: overlay mode, drag disabled, window buttons hidden, title bar hidden
[2018.12.20-11.30.51:483][  0]LogSlate: Updating window title bar state: overlay mode, drag disabled, window buttons hidden, title bar hidden
[2018.12.20-11.30.51:490][  0]LogCollectionManager: Loaded 0 collections in 0.000931 seconds
[2018.12.20-11.30.51:535][  0]LogFileCache: Scanning file cache for directory 'E:/FreeMakeGame/SmallGame/Client/Material/Saved/Collections/' took 0.01s
[2018.12.20-11.30.51:535][  0]LogFileCache: Scanning file cache for directory 'E:/FreeMakeGame/SmallGame/Client/Material/Content/Developers/wengjun/Collections/' took 0.01s
[2018.12.20-11.30.51:535][  0]LogFileCache: Scanning file cache for directory 'E:/FreeMakeGame/SmallGame/Client/Material/Content/Collections/' took 0.01s
[2018.12.20-11.30.51:535][  0]LogCollectionManager: Rebuilt the GUID cache for 0 collections in 0.000000 seconds
[2018.12.20-11.30.51:545][  0]LogContentBrowser: Native class hierarchy populated in 0.0091 seconds. Added 2572 classes and 603 folders.
[2018.12.20-11.30.51:549][  0]LogContentBrowser: Native class hierarchy updated for 'WidgetCarousel' in 0.0003 seconds. Added 0 classes and 0 folders.
[2018.12.20-11.30.51:595][  0]LogContentBrowser: Native class hierarchy updated for 'AddContentDialog' in 0.0002 seconds. Added 0 classes and 0 folders.
[2018.12.20-11.30.51:598][  0]LogContentBrowser: Native class hierarchy updated for 'SceneOutliner' in 0.0002 seconds. Added 1 classes and 2 folders.
[2018.12.20-11.30.52:579][  0]LogSlate: Only BGRA pngs, bmps or icos are supported in by External Image Picker
[2018.12.20-11.30.52:620][  0]LogSlate: Took 0.000314 seconds to synchronously load lazily loaded font '../../../Engine/Content/Slate/Fonts/Roboto-Regular.ttf' (155K)
[2018.12.20-11.30.52:622][  0]LogSlate: Took 0.000249 seconds to synchronously load lazily loaded font '../../../Engine/Content/Slate/Fonts/Roboto-Bold.ttf' (160K)
[2018.12.20-11.30.52:629][  0]LogSlate: Took 0.000351 seconds to synchronously load lazily loaded font '../../../Engine/Content/Editor/Slate/Fonts/FontAwesome.ttf' (139K)
[2018.12.20-11.30.52:712][  0]LogTemp: Executing iPhonePackager certificates Engine -bundlename com.YourCompany.Material
[2018.12.20-11.30.52:712][  0]LogTemp: CWD: D:\EpicGames\UE_4.20\Engine\Binaries\DotNET\IOS
[2018.12.20-11.30.52:712][  0]LogTemp: Initial Dir: D:\EpicGames\UE_4.20
[2018.12.20-11.30.52:712][  0]LogTemp: Env CWD: D:\EpicGames\UE_4.20\Engine\Binaries\DotNET\IOS
[2018.12.20-11.30.52:712][  0]LogTemp: BranchPath = SH-wengjun/D/EpicGames/UE_4.20/Engine/Binaries --- GameBranchPath = SH-wengjun/D/EpicGames/UE_4.20/Engine/Binaries
[2018.12.20-11.30.52:712][  0]LogTemp: IPP ERROR: Could not find provision directory 'C:\Users\wengjun\AppData\Local/Apple Computer/MobileDevice/Provisioning Profiles/'.
[2018.12.20-11.30.52:712][  0]LogRenderer: Reallocating scene render targets to support 1192x576 Format 10 NumSamples 1 (Frame:1).
[2018.12.20-11.30.52:830][  0]LogContentBrowser: Native class hierarchy updated for 'HierarchicalLODOutliner' in 0.0005 seconds. Added 0 classes and 0 folders.
[2018.12.20-11.30.52:831][  0]LogLoad: (Engine Initialization) Total time: 9.18 seconds
[2018.12.20-11.30.52:831][  0]LogLoad: (Engine Initialization) Total Blueprint compile time: 0.00 seconds
[2018.12.20-11.30.52:867][  0]LogWindowsTextInputMethodSystem: Display: IME system now activated using TSF (搜狗拼音输入法).
[2018.12.20-11.30.52:901][  0]LogContentStreaming: Texture pool size now 1000 MB
[2018.12.20-11.30.53:083][  1]LogAssetRegistry: Asset discovery search completed in 5.3475 seconds
[2018.12.20-11.30.53:086][  1]LogCollectionManager: Rebuilt the object cache for 0 collections in 0.000001 seconds (found 0 objects)
[2018.12.20-11.30.53:086][  1]LogCollectionManager: Fixed up redirectors for 0 collections in 0.000093 seconds (updated 0 objects)
[2018.12.20-11.30.55:842][328]LogSlate: FSceneViewport::OnFocusLost() reason 0
[2018.12.20-11.30.56:546][411]LogSlate: Took 0.000216 seconds to synchronously load lazily loaded font '../../../Engine/Content/Slate/Fonts/Roboto-Light.ttf' (167K)
[2018.12.20-11.31.08:306][802]LogSlate: Took 0.000233 seconds to synchronously load lazily loaded font '../../../Engine/Content/Slate/Fonts/Roboto-Light.ttf' (167K)
[2018.12.20-11.31.08:316][802]LogAssetEditorManager: Opening Asset editor for MaterialFunction /Game/Material/SnowInteraction/MaskUV.MaskUV
[2018.12.20-11.31.08:859][802]LogMaterial: Display: Missing cached shader map for material PreviewMaterial_0, compiling. 
[2018.12.20-11.31.08:872][802]LogMaterial: Display: Missing cached shader map for material Material_0, compiling. 
[2018.12.20-11.31.08:887][802]LogShaderCompilers: Display: Shaders left to compile 9
[2018.12.20-11.31.08:887][802]LogShaderCompilers: Display: Shaders left to compile 8
[2018.12.20-11.31.08:887][802]LogShaderCompilers: Display: Shaders left to compile 7
[2018.12.20-11.31.08:887][802]LogShaderCompilers: Display: Shaders left to compile 6
[2018.12.20-11.31.08:889][802]LogMaterial: Display: Missing cached shader map for material PreviewMaterial_0, compiling. 
[2018.12.20-11.31.08:895][802]LogMaterial: Display: Missing cached shader map for material Material_0, compiling. 
[2018.12.20-11.31.08:929][802]LogMaterial: Display: Missing cached shader map for material FMatExpressionPreview MaterialExpressionFunctionOutput_0, compiling. 
[2018.12.20-11.31.08:933][802]LogMaterial: Display: Missing cached shader map for material FMatExpressionPreview MaterialExpressionFunctionInput_0, compiling. 
[2018.12.20-11.31.08:935][802]LogMaterial: Display: Missing cached shader map for material FMatExpressionPreview MaterialExpressionCustom_0, compiling. 
[2018.12.20-11.31.08:958][802]LogMaterial: Display: Missing cached shader map for material Material_1, compiling. 
[2018.12.20-11.31.08:978][802]LogSlate: Took 0.011681 seconds to synchronously load lazily loaded font '../../../Engine/Content/Slate/Fonts/Roboto-BoldCondensed.ttf' (158K)
[2018.12.20-11.31.09:306][803]LogSlate: Took 0.014190 seconds to synchronously load lazily loaded font '../../../Engine/Content/Slate/Fonts/Roboto-Italic.ttf' (157K)
[2018.12.20-11.31.10:175][893]LogShaderCompilers: Display: Shaders left to compile 18
[2018.12.20-11.31.10:205][896]LogShaderCompilers: Display: Shaders left to compile 17
[2018.12.20-11.31.10:264][903]LogShaderCompilers: Display: Shaders left to compile 16
[2018.12.20-11.31.10:301][907]LogShaderCompilers: Display: Shaders left to compile 15
[2018.12.20-11.31.10:329][908]LogShaderCompilers: Display: Shaders left to compile 14
[2018.12.20-11.31.10:401][915]LogShaderCompilers: Display: Shaders left to compile 13
[2018.12.20-11.31.10:591][931]LogShaderCompilers: Display: Shaders left to compile 12
[2018.12.20-11.31.10:617][933]LogShaderCompilers: Display: Shaders left to compile 11
[2018.12.20-11.31.10:703][941]LogShaderCompilers: Display: Shaders left to compile 10
[2018.12.20-11.31.12:957][166]LogSlate: Window 'MaskUV' being destroyed
[2018.12.20-11.31.15:072][415]LogAssetEditorManager: Opening Asset editor for Material /Game/Material/SnowInteraction/SnowMaterial.SnowMaterial
[2018.12.20-11.31.15:075][415]LogMaterial: Display: Missing cached shader map for material SnowMaterial, compiling. 
[2018.12.20-11.31.15:260][415]LogMaterial: Display: Missing cached shader map for material SnowMaterial, compiling. 
[2018.12.20-11.31.15:302][415]LogShaderCompilers: Display: Shaders left to compile 69
[2018.12.20-11.31.15:302][415]LogShaderCompilers: Display: Shaders left to compile 68
[2018.12.20-11.31.15:302][415]LogShaderCompilers: Display: Shaders left to compile 67
[2018.12.20-11.31.15:302][415]LogShaderCompilers: Display: Shaders left to compile 66
[2018.12.20-11.31.15:314][415]LogMaterial: Display: Missing cached shader map for material FMatExpressionPreview MaterialExpressionMultiply_3, compiling. 
[2018.12.20-11.31.15:319][415]LogMaterial: Display: Missing cached shader map for material FMatExpressionPreview MaterialExpressionConstant3Vector_0, compiling. 
[2018.12.20-11.31.15:325][415]LogMaterial: Display: Missing cached shader map for material FMatExpressionPreview MaterialExpressionConstant3Vector_1, compiling. 
[2018.12.20-11.31.15:330][415]LogMaterial: Display: Missing cached shader map for material FMatExpressionPreview MaterialExpressionCollectionParameter_0, compiling. 
[2018.12.20-11.31.15:336][415]LogMaterial: Display: Missing cached shader map for material FMatExpressionPreview MaterialExpressionTextureSample_0, compiling. 
[2018.12.20-11.31.15:341][415]LogMaterial: Display: Missing cached shader map for material FMatExpressionPreview MaterialExpressionCollectionParameter_1, compiling. 
[2018.12.20-11.31.15:478][416]LogShaderCompilers: Display: Shaders left to compile 77
[2018.12.20-11.31.15:504][417]LogShaderCompilers: Display: Shaders left to compile 76
[2018.12.20-11.31.15:504][417]LogShaderCompilers: Display: Shaders left to compile 75
[2018.12.20-11.31.15:587][427]LogShaderCompilers: Display: Shaders left to compile 74
[2018.12.20-11.31.15:655][435]LogShaderCompilers: Display: Shaders left to compile 73
[2018.12.20-11.31.15:732][442]LogShaderCompilers: Display: Shaders left to compile 72
[2018.12.20-11.31.15:776][447]LogShaderCompilers: Display: Shaders left to compile 71
[2018.12.20-11.31.15:842][455]LogShaderCompilers: Display: Shaders left to compile 70
[2018.12.20-11.31.15:850][456]LogShaderCompilers: Display: Shaders left to compile 69
[2018.12.20-11.31.15:977][471]LogShaderCompilers: Display: Shaders left to compile 68
[2018.12.20-11.31.16:026][477]LogShaderCompilers: Display: Shaders left to compile 67
[2018.12.20-11.31.16:033][478]LogShaderCompilers: Display: Shaders left to compile 66
[2018.12.20-11.31.16:050][480]LogShaderCompilers: Display: Shaders left to compile 65
[2018.12.20-11.31.16:218][500]LogShaderCompilers: Display: Shaders left to compile 64
[2018.12.20-11.31.16:242][503]LogShaderCompilers: Display: Shaders left to compile 63
[2018.12.20-11.31.16:250][504]LogShaderCompilers: Display: Shaders left to compile 62
[2018.12.20-11.31.16:275][507]LogShaderCompilers: Display: Shaders left to compile 61
[2018.12.20-11.31.16:428][525]LogShaderCompilers: Display: Shaders left to compile 60
[2018.12.20-11.31.16:443][527]LogShaderCompilers: Display: Shaders left to compile 59
[2018.12.20-11.31.16:477][531]LogShaderCompilers: Display: Shaders left to compile 58
[2018.12.20-11.31.16:510][535]LogShaderCompilers: Display: Shaders left to compile 57
[2018.12.20-11.31.16:640][549]LogShaderCompilers: Display: Shaders left to compile 56
[2018.12.20-11.31.16:697][552]LogShaderCompilers: Display: Shaders left to compile 55
[2018.12.20-11.31.16:706][553]LogShaderCompilers: Display: Shaders left to compile 54
[2018.12.20-11.31.16:722][555]LogShaderCompilers: Display: Shaders left to compile 53
[2018.12.20-11.31.16:921][576]LogShaderCompilers: Display: Shaders left to compile 52
[2018.12.20-11.31.16:921][576]LogShaderCompilers: Display: Shaders left to compile 51
[2018.12.20-11.31.16:958][580]LogShaderCompilers: Display: Shaders left to compile 50
[2018.12.20-11.31.17:095][595]LogShaderCompilers: Display: Shaders left to compile 49
[2018.12.20-11.31.17:136][598]LogShaderCompilers: Display: Shaders left to compile 48
[2018.12.20-11.31.17:148][599]LogShaderCompilers: Display: Shaders left to compile 47
[2018.12.20-11.31.17:278][614]LogShaderCompilers: Display: Shaders left to compile 46
[2018.12.20-11.31.17:286][615]LogShaderCompilers: Display: Shaders left to compile 45
[2018.12.20-11.31.17:344][622]LogShaderCompilers: Display: Shaders left to compile 44
[2018.12.20-11.31.17:360][624]LogShaderCompilers: Display: Shaders left to compile 43
[2018.12.20-11.31.17:470][637]LogShaderCompilers: Display: Shaders left to compile 42
[2018.12.20-11.31.17:537][645]LogShaderCompilers: Display: Shaders left to compile 41
[2018.12.20-11.31.17:570][649]LogShaderCompilers: Display: Shaders left to compile 40
[2018.12.20-11.31.17:578][650]LogShaderCompilers: Display: Shaders left to compile 39
[2018.12.20-11.31.17:742][669]LogShaderCompilers: Display: Shaders left to compile 38
[2018.12.20-11.31.17:760][671]LogShaderCompilers: Display: Shaders left to compile 37
[2018.12.20-11.31.17:768][672]LogShaderCompilers: Display: Shaders left to compile 36
[2018.12.20-11.31.17:881][685]LogShaderCompilers: Display: Shaders left to compile 35
[2018.12.20-11.31.17:934][691]LogShaderCompilers: Display: Shaders left to compile 34
[2018.12.20-11.31.17:967][695]LogShaderCompilers: Display: Shaders left to compile 33
[2018.12.20-11.31.18:070][707]LogShaderCompilers: Display: Shaders left to compile 32
[2018.12.20-11.31.18:088][709]LogShaderCompilers: Display: Shaders left to compile 31
[2018.12.20-11.31.18:103][710]LogShaderCompilers: Display: Shaders left to compile 30
[2018.12.20-11.31.18:153][716]LogShaderCompilers: Display: Shaders left to compile 29
[2018.12.20-11.31.18:360][739]LogShaderCompilers: Display: Shaders left to compile 28
[2018.12.20-11.31.18:555][760]LogShaderCompilers: Display: Shaders left to compile 27
[2018.12.20-11.31.18:598][765]LogShaderCompilers: Display: Shaders left to compile 26
[2018.12.20-11.31.18:614][767]LogShaderCompilers: Display: Shaders left to compile 25
[2018.12.20-11.31.18:640][770]LogShaderCompilers: Display: Shaders left to compile 24
[2018.12.20-11.31.18:886][797]LogShaderCompilers: Display: Shaders left to compile 23
[2018.12.20-11.31.19:048][815]LogShaderCompilers: Display: Shaders left to compile 22
[2018.12.20-11.31.19:090][820]LogShaderCompilers: Display: Shaders left to compile 21
[2018.12.20-11.31.19:108][822]LogShaderCompilers: Display: Shaders left to compile 20
[2018.12.20-11.31.19:140][826]LogShaderCompilers: Display: Shaders left to compile 19
[2018.12.20-11.31.19:380][853]LogShaderCompilers: Display: Shaders left to compile 18
[2018.12.20-11.31.19:565][873]LogShaderCompilers: Display: Shaders left to compile 17
[2018.12.20-11.31.19:594][876]LogShaderCompilers: Display: Shaders left to compile 16
[2018.12.20-11.31.19:654][883]LogShaderCompilers: Display: Shaders left to compile 15
[2018.12.20-11.31.19:687][887]LogShaderCompilers: Display: Shaders left to compile 14
[2018.12.20-11.31.19:966][917]LogShaderCompilers: Display: Shaders left to compile 13
[2018.12.20-11.31.20:033][924]LogShaderCompilers: Display: Shaders left to compile 12
[2018.12.20-11.31.20:103][932]LogShaderCompilers: Display: Shaders left to compile 11
[2018.12.20-11.31.20:147][937]LogShaderCompilers: Display: Shaders left to compile 10
[2018.12.20-11.31.20:242][947]LogShaderCompilers: Display: Shaders left to compile 9
[2018.12.20-11.31.20:260][948]MaterialEditorStats: Base pass shader: 120 instructions
[2018.12.20-11.31.20:260][948]MaterialEditorStats: Base pass shader with Volumetric Lightmap: 194 instructions
[2018.12.20-11.31.20:260][948]MaterialEditorStats: Base pass vertex shader: 29 instructions
[2018.12.20-11.31.20:260][948]MaterialEditorStats: Texture samplers: 4/16
[2018.12.20-11.31.20:260][948]MaterialEditorStats: Texture Lookups (Est.): VS(1), PS(1)
[2018.12.20-11.31.20:388][961]LogShaderCompilers: Display: Shaders left to compile 8
[2018.12.20-11.31.20:427][965]LogShaderCompilers: Display: Shaders left to compile 7
[2018.12.20-11.31.20:514][974]LogShaderCompilers: Display: Shaders left to compile 6
[2018.12.20-11.31.20:529][976]LogShaderCompilers: Display: Shaders left to compile 5
[2018.12.20-11.31.20:689][994]LogShaderCompilers: Display: Shaders left to compile 4
[2018.12.20-11.31.20:752][  1]LogShaderCompilers: Display: Shaders left to compile 3
[2018.12.20-11.31.20:811][  8]LogShaderCompilers: Display: Shaders left to compile 2
[2018.12.20-11.31.20:880][ 16]LogShaderCompilers: Display: Shaders left to compile 1
[2018.12.20-11.32.09:776][266]LogSlate: FSceneViewport::OnFocusLost() reason 0
[2018.12.20-11.32.13:180][665]LogAssetEditorManager: Opening Asset editor for Material /Game/Material/SnowInteraction/DrawToPersistent.DrawToPersistent
[2018.12.20-11.32.13:182][665]LogMaterial: Display: Missing cached shader map for material DrawToPersistent, compiling. 
[2018.12.20-11.32.13:247][665]LogMaterial: Display: Missing cached shader map for material DrawToPersistent, compiling. 
[2018.12.20-11.32.13:265][665]LogShaderCompilers: Display: Shaders left to compile 4
[2018.12.20-11.32.13:265][665]LogShaderCompilers: Display: Shaders left to compile 3
[2018.12.20-11.32.13:265][665]LogShaderCompilers: Display: Shaders left to compile 2
[2018.12.20-11.32.13:265][665]LogShaderCompilers: Display: Shaders left to compile 1
[2018.12.20-11.32.13:278][665]LogMaterial: Display: Missing cached shader map for material FMatExpressionPreview MaterialExpressionTextureSample_0, compiling. 
[2018.12.20-11.32.13:811][718]LogShaderCompilers: Display: Shaders left to compile 2
[2018.12.20-11.32.13:862][724]LogShaderCompilers: Display: Shaders left to compile 1
[2018.12.20-11.32.14:014][742]MaterialEditorStats: Base pass shader without light map: 31 instructions
[2018.12.20-11.32.14:014][742]MaterialEditorStats: Base pass vertex shader: 36 instructions
[2018.12.20-11.32.14:014][742]MaterialEditorStats: Texture samplers: 1/16
[2018.12.20-11.32.14:014][742]MaterialEditorStats: Texture Lookups (Est.): VS(0), PS(1)
[2018.12.20-11.32.14:014][742]MaterialEditorStats: User interpolators: 2/4 Scalars (1/4 Vectors) (TexCoords: 2, Custom: 0)
[2018.12.20-11.32.24:359][971]LogAssetEditorManager: Opening Asset editor for Material /Game/Material/SnowInteraction/Snow_InteractionMaterial.Snow_InteractionMaterial
[2018.12.20-11.32.24:362][971]LogMaterial: Display: Missing cached shader map for material Snow_InteractionMaterial, compiling. 
[2018.12.20-11.32.24:421][971]LogMaterial: Display: Missing cached shader map for material Snow_InteractionMaterial, compiling. 
[2018.12.20-11.32.24:431][971]LogShaderCompilers: Display: Shaders left to compile 7
[2018.12.20-11.32.24:431][971]LogShaderCompilers: Display: Shaders left to compile 6
[2018.12.20-11.32.24:431][971]LogShaderCompilers: Display: Shaders left to compile 5
[2018.12.20-11.32.24:432][971]LogShaderCompilers: Display: Shaders left to compile 4
[2018.12.20-11.32.24:457][971]LogMaterial: Display: Missing cached shader map for material FMatExpressionPreview MaterialExpressionComponentMask_0, compiling. 
[2018.12.20-11.32.24:459][971]LogMaterial: Display: Missing cached shader map for material FMatExpressionPreview MaterialExpressionComponentMask_1, compiling. 
[2018.12.20-11.32.24:461][971]LogMaterial: Display: Missing cached shader map for material FMatExpressionPreview MaterialExpressionSubtract_0, compiling. 
[2018.12.20-11.32.24:463][971]LogMaterial: Display: Missing cached shader map for material FMatExpressionPreview MaterialExpressionSaturate_0, compiling. 
[2018.12.20-11.32.24:465][971]LogMaterial: Display: Missing cached shader map for material FMatExpressionPreview MaterialExpressionTextureSample_0, compiling. 
[2018.12.20-11.32.24:623][972]LogShaderCompilers: Display: Shaders left to compile 5
[2018.12.20-11.32.24:623][972]LogSlate: Took 0.049613 seconds to synchronously load lazily loaded font '../../../Engine/Content/Slate/Fonts/DroidSansFallback.ttf' (3848K)
[2018.12.20-11.32.24:649][973]LogShaderCompilers: Display: Shaders left to compile 4
[2018.12.20-11.32.24:714][981]LogShaderCompilers: Display: Shaders left to compile 3
[2018.12.20-11.32.24:789][990]LogShaderCompilers: Display: Shaders left to compile 2
[2018.12.20-11.32.24:797][991]LogShaderCompilers: Display: Shaders left to compile 1
[2018.12.20-11.32.24:867][998]MaterialEditorStats: Base pass shader without light map: 32 instructions
[2018.12.20-11.32.24:867][998]MaterialEditorStats: Base pass vertex shader: 36 instructions
[2018.12.20-11.32.24:867][998]MaterialEditorStats: Texture samplers: 1/16
[2018.12.20-11.32.24:867][998]MaterialEditorStats: Texture Lookups (Est.): VS(0), PS(3)
[2018.12.20-11.32.24:867][998]MaterialEditorStats: User interpolators: 2/4 Scalars (1/4 Vectors) (TexCoords: 2, Custom: 0)
[2018.12.20-11.32.28:773][460]LogMaterial: Display: Missing cached shader map for material Snow_InteractionMaterial, compiling. 
[2018.12.20-11.32.28:798][460]LogShaderCompilers: Display: Shaders left to compile 7
[2018.12.20-11.32.28:798][460]LogShaderCompilers: Display: Shaders left to compile 6
[2018.12.20-11.32.28:798][460]LogShaderCompilers: Display: Shaders left to compile 5
[2018.12.20-11.32.28:798][460]LogShaderCompilers: Display: Shaders left to compile 4
[2018.12.20-11.32.28:954][477]LogShaderCompilers: Display: Shaders left to compile 3
[2018.12.20-11.32.28:998][482]LogShaderCompilers: Display: Shaders left to compile 2
[2018.12.20-11.32.29:082][492]LogShaderCompilers: Display: Shaders left to compile 1
[2018.12.20-11.32.34:712][159]LogMaterial: Display: Missing cached shader map for material Snow_InteractionMaterial, compiling. 
[2018.12.20-11.32.34:719][159]LogMaterial: Display: Missing cached shader map for material Snow_InteractionMaterial, compiling. 
[2018.12.20-11.32.34:735][160]LogShaderCompilers: Display: Shaders left to compile 7
[2018.12.20-11.32.34:735][160]LogShaderCompilers: Display: Shaders left to compile 6
[2018.12.20-11.32.34:735][160]LogShaderCompilers: Display: Shaders left to compile 5
[2018.12.20-11.32.34:735][160]LogShaderCompilers: Display: Shaders left to compile 4
[2018.12.20-11.32.34:910][181]LogShaderCompilers: Display: Shaders left to compile 3
[2018.12.20-11.32.34:952][186]LogShaderCompilers: Display: Shaders left to compile 2
[2018.12.20-11.32.35:054][198]LogShaderCompilers: Display: Shaders left to compile 1
[2018.12.20-11.32.35:188][214]MaterialEditorStats: Base pass shader without light map: 32 instructions
[2018.12.20-11.32.35:188][214]MaterialEditorStats: Base pass vertex shader: 36 instructions
[2018.12.20-11.32.35:188][214]MaterialEditorStats: Texture samplers: 3/16
[2018.12.20-11.32.35:188][214]MaterialEditorStats: Texture Lookups (Est.): VS(0), PS(3)
[2018.12.20-11.32.35:188][214]MaterialEditorStats: User interpolators: 2/4 Scalars (1/4 Vectors) (TexCoords: 2, Custom: 0)
[2018.12.20-11.32.46:921][794]LogMaterialEditor: Saving and Compiling material Snow_InteractionMaterial
[2018.12.20-11.32.47:416][794]LogMaterial: Display: Missing cached shader map for material Snow_InteractionMaterial, compiling. 
[2018.12.20-11.32.47:438][794]LogShaderCompilers: Display: Shaders left to compile 7
[2018.12.20-11.32.47:438][794]LogShaderCompilers: Display: Shaders left to compile 6
[2018.12.20-11.32.47:438][794]LogShaderCompilers: Display: Shaders left to compile 5
[2018.12.20-11.32.47:438][794]LogShaderCompilers: Display: Shaders left to compile 4
[2018.12.20-11.32.47:455][794]LogMaterial: Display: Missing cached shader map for material Snow_InteractionMaterial, compiling. 
[2018.12.20-11.32.47:475][794]LogMaterial: Display: Missing cached shader map for material Snow_InteractionMaterial, compiling. 
[2018.12.20-11.32.47:503][794]TextureStreamingBuild: Display: Compiling optional shaders took 0.000 seconds.
[2018.12.20-11.32.48:839][794]LogShaderCompilers: Display: Shaders left to compile 11
[2018.12.20-11.32.48:839][794]LogShaderCompilers: Display: Shaders left to compile 10
[2018.12.20-11.32.48:839][794]LogShaderCompilers: Display: Shaders left to compile 9
[2018.12.20-11.32.48:839][794]LogShaderCompilers: Display: Shaders left to compile 8
[2018.12.20-11.32.48:892][794]LogSavePackage: Moving 'E:/FreeMakeGame/SmallGame/Client/Material/Saved/Snow_InteractionMaterialCFC5EC444ECDE9B9CFA52EB684F3DBC7.tmp' to 'E:/FreeMakeGame/SmallGame/Client/Material/Content/Material/SnowInteraction/Snow_InteractionMaterial.uasset'
[2018.12.20-11.33.03:560][412]LogAIModule: Creating AISystem for world FootInteractionMap
[2018.12.20-11.33.03:578][412]LogAssetEditorManager: Opening Asset editor for World /Game/Map/FootInteractionMap.FootInteractionMap
[2018.12.20-11.33.03:602][412]Cmd: MAP LOAD FILE="E:/FreeMakeGame/SmallGame/Client/Material/Content/Map/FootInteractionMap.umap" TEMPLATE=0 SHOWPROGRESS=1 FEATURELEVEL=3
[2018.12.20-11.33.03:602][412]LightingResults: New page: Lighting Build
[2018.12.20-11.33.03:606][412]LogContentBrowser: Native class hierarchy updated for 'StatsViewer' in 0.0002 seconds. Added 5 classes and 0 folders.
[2018.12.20-11.33.03:607][412]LoadErrors: New page: Loading map: FootInteractionMap.umap
[2018.12.20-11.33.03:607][412]MapCheck: New page: Map Check
[2018.12.20-11.33.03:607][412]LightingResults: New page: Lighting Build
[2018.12.20-11.33.03:726][412]LogEditorServer: Finished looking for orphan Actors (0.000 secs)
[2018.12.20-11.33.03:761][412]Cmd: MAP CHECKDEP NOCLEARLOG
[2018.12.20-11.33.03:815][412]MapCheck: Map check complete: 0 Error(s), 0 Warning(s), took 53.742ms to complete.
[2018.12.20-11.33.03:818][412]LogFileHelpers: Loading map 'FootInteractionMap' took 0.217
[2018.12.20-11.33.04:525][487]LogTemp: Repeating last play command: Selected Viewport
[2018.12.20-11.33.04:551][487]LogPlayLevel: PlayLevel: No blueprints needed recompiling
[2018.12.20-11.33.04:563][487]PIE: New page: PIE session: FootInteractionMap (Dec 21, 2018, 3:33:04 AM)
[2018.12.20-11.33.04:564][487]LogPlayLevel: Creating play world package: /Game/Map/UEDPIE_0_FootInteractionMap
[2018.12.20-11.33.04:591][487]LogPlayLevel: PIE: StaticDuplicateObject took: (0.027286s)
[2018.12.20-11.33.04:592][487]LogAIModule: Creating AISystem for world FootInteractionMap
[2018.12.20-11.33.04:592][487]LogPlayLevel: PIE: World Init took: (0.000913s)
[2018.12.20-11.33.04:592][487]LogPlayLevel: PIE: Created PIE world by copying editor world from /Game/Map/FootInteractionMap.FootInteractionMap to /Game/Map/UEDPIE_0_FootInteractionMap.FootInteractionMap (0.028413s)
[2018.12.20-11.33.04:638][487]LogInit: XAudio2 using '扬声器 (Conexant HD Audio)' : 2 channels at 48 kHz using 32 bits per sample (channel mask 0x3)
[2018.12.20-11.33.04:646][487]LogInit: FAudioDevice initialized.
[2018.12.20-11.33.04:693][487]LogLoad: Game class is 'GameModeT_C'
[2018.12.20-11.33.04:723][487]LogWorld: Bringing World /Game/Map/UEDPIE_0_FootInteractionMap.FootInteractionMap up for play (max tick rate 0) at 2018.12.20-19.33.04
[2018.12.20-11.33.04:748][487]LogWorld: Bringing up level for play took: 0.028416
[2018.12.20-11.33.04:830][487]LogContentBrowser: Native class hierarchy updated for 'MovieSceneCapture' in 0.0003 seconds. Added 10 classes and 0 folders.
[2018.12.20-11.33.04:830][487]PIE: Play in editor start time for /Game/Map/UEDPIE_0_FootInteractionMap 0.697
[2018.12.20-11.33.07:934][847]LogSlate: Updating window title bar state: overlay mode, drag disabled, window buttons hidden, title bar hidden
[2018.12.20-11.33.07:986][847]LogPlayLevel: Display: Shutting down PIE online subsystems
[2018.12.20-11.33.08:006][847]LogSlate: Updating window title bar state: overlay mode, drag disabled, window buttons hidden, title bar hidden
[2018.12.20-11.33.08:032][848]LogPlayLevel: Display: Destroying online subsystem :Context_7
[2018.12.20-11.33.10:396][116]LogSlate: FSceneViewport::OnFocusLost() reason 0
[2018.12.20-11.33.15:187][678]LogSlate: FSceneViewport::OnFocusLost() reason 0
[2018.12.20-11.33.17:161][914]LogSlate: FSceneViewport::OnFocusLost() reason 0
[2018.12.20-11.33.21:651][444]LogTemp: Repeating last play command: Selected Viewport
[2018.12.20-11.33.21:665][444]LogPlayLevel: PlayLevel: No blueprints needed recompiling
[2018.12.20-11.33.21:665][444]PIE: New page: PIE session: FootInteractionMap (Dec 21, 2018, 3:33:21 AM)
[2018.12.20-11.33.21:665][444]LogPlayLevel: Creating play world package: /Game/Map/UEDPIE_0_FootInteractionMap
[2018.12.20-11.33.21:678][444]LogPlayLevel: PIE: StaticDuplicateObject took: (0.012969s)
[2018.12.20-11.33.21:679][444]LogAIModule: Creating AISystem for world FootInteractionMap
[2018.12.20-11.33.21:679][444]LogPlayLevel: PIE: World Init took: (0.000883s)
[2018.12.20-11.33.21:679][444]LogPlayLevel: PIE: Created PIE world by copying editor world from /Game/Map/FootInteractionMap.FootInteractionMap to /Game/Map/UEDPIE_0_FootInteractionMap.FootInteractionMap (0.014031s)
[2018.12.20-11.33.21:709][444]LogInit: XAudio2 using '扬声器 (Conexant HD Audio)' : 2 channels at 48 kHz using 32 bits per sample (channel mask 0x3)
[2018.12.20-11.33.21:717][444]LogInit: FAudioDevice initialized.
[2018.12.20-11.33.21:751][444]LogLoad: Game class is 'GameModeT_C'
[2018.12.20-11.33.21:756][444]LogWorld: Bringing World /Game/Map/UEDPIE_0_FootInteractionMap.FootInteractionMap up for play (max tick rate 0) at 2018.12.20-19.33.21
[2018.12.20-11.33.21:756][444]LogWorld: Bringing up level for play took: 0.004195
[2018.12.20-11.33.21:769][444]PIE: Play in editor start time for /Game/Map/UEDPIE_0_FootInteractionMap -0.364
[2018.12.20-11.33.27:626][139]LogSlate: Updating window title bar state: overlay mode, drag disabled, window buttons hidden, title bar hidden
[2018.12.20-11.33.27:665][139]LogPlayLevel: Display: Shutting down PIE online subsystems
[2018.12.20-11.33.27:686][139]LogSlate: Updating window title bar state: overlay mode, drag disabled, window buttons hidden, title bar hidden
[2018.12.20-11.33.27:740][141]LogPlayLevel: Display: Destroying online subsystem :Context_8
[2018.12.20-11.33.38:652][714]LogSlate: FSceneViewport::OnFocusLost() reason 0
[2018.12.20-11.33.57:785][977]LogSlate: FSceneViewport::OnFocusLost() reason 0
[2018.12.20-11.36.53:672][203]LogHttp: Warning: 000001B295D6C680: request failed, libcurl error: 7 (Couldn't connect to server)
[2018.12.20-11.36.53:672][203]LogHttp: Warning: 000001B295D6C680: libcurl info message cache 0 (Connection 1 seems to be dead!)
[2018.12.20-11.36.53:672][203]LogHttp: Warning: 000001B295D6C680: libcurl info message cache 1 (Closing connection 1)
[2018.12.20-11.36.53:672][203]LogHttp: Warning: 000001B295D6C680: libcurl info message cache 2 (  Trying 127.0.0.1...)
[2018.12.20-11.36.53:672][203]LogHttp: Warning: 000001B295D6C680: libcurl info message cache 3 (TCP_NODELAY set)
[2018.12.20-11.36.53:672][203]LogHttp: Warning: 000001B295D6C680: libcurl info message cache 4 (connect to 127.0.0.1 port 9666 failed: Connection refused)
[2018.12.20-11.36.53:672][203]LogHttp: Warning: 000001B295D6C680: libcurl info message cache 5 (Failed to connect to 127.0.0.1 port 9666: Connection refused)
[2018.12.20-11.36.53:672][203]LogHttp: Warning: 000001B295D6C680: libcurl info message cache 6 (Closing connection 2)
[2018.12.20-11.36.58:069][724]LogMaterial: Display: Missing cached shader map for material Material_0, compiling. 
[2018.12.20-11.36.58:080][725]LogShaderCompilers: Display: Shaders left to compile 5
[2018.12.20-11.36.59:421][885]LogMaterialEditor: Saving and Compiling material MaskUV
[2018.12.20-11.36.59:454][885]Cmd: OBJ SAVEPACKAGE PACKAGE="/Game/Material/SnowInteraction/MaskUV" FILE="E:/FreeMakeGame/SmallGame/Client/Material/Content/Material/SnowInteraction/MaskUV.uasset" SILENT=true
[2018.12.20-11.36.59:475][885]LogSavePackage: Moving 'E:/FreeMakeGame/SmallGame/Client/Material/Saved/MaskUV9F68574A4E1F6EFCA1C2348374F23F58.tmp' to 'E:/FreeMakeGame/SmallGame/Client/Material/Content/Material/SnowInteraction/MaskUV.uasset'
[2018.12.20-11.37.01:272][ 89]LogTemp: Repeating last play command: Selected Viewport
[2018.12.20-11.37.01:284][ 89]LogPlayLevel: PlayLevel: No blueprints needed recompiling
[2018.12.20-11.37.01:284][ 89]PIE: New page: PIE session: FootInteractionMap (Dec 21, 2018, 3:37:01 AM)
[2018.12.20-11.37.01:284][ 89]LogPlayLevel: Creating play world package: /Game/Map/UEDPIE_0_FootInteractionMap
[2018.12.20-11.37.01:296][ 89]LogPlayLevel: PIE: StaticDuplicateObject took: (0.012090s)
[2018.12.20-11.37.01:297][ 89]LogAIModule: Creating AISystem for world FootInteractionMap
[2018.12.20-11.37.01:297][ 89]LogPlayLevel: PIE: World Init took: (0.001062s)
[2018.12.20-11.37.01:297][ 89]LogPlayLevel: PIE: Created PIE world by copying editor world from /Game/Map/FootInteractionMap.FootInteractionMap to /Game/Map/UEDPIE_0_FootInteractionMap.FootInteractionMap (0.013287s)
[2018.12.20-11.37.01:328][ 89]LogInit: XAudio2 using '扬声器 (Conexant HD Audio)' : 2 channels at 48 kHz using 32 bits per sample (channel mask 0x3)
[2018.12.20-11.37.01:337][ 89]LogInit: FAudioDevice initialized.
[2018.12.20-11.37.01:367][ 89]LogLoad: Game class is 'GameModeT_C'
[2018.12.20-11.37.01:371][ 89]LogWorld: Bringing World /Game/Map/UEDPIE_0_FootInteractionMap.FootInteractionMap up for play (max tick rate 0) at 2018.12.20-19.37.01
[2018.12.20-11.37.01:371][ 89]LogWorld: Bringing up level for play took: 0.002818
[2018.12.20-11.37.01:384][ 89]PIE: Play in editor start time for /Game/Map/UEDPIE_0_FootInteractionMap -0.748
[2018.12.20-11.37.19:217][219]LogSlate: Updating window title bar state: overlay mode, drag disabled, window buttons hidden, title bar hidden
[2018.12.20-11.37.19:253][219]LogPlayLevel: Display: Shutting down PIE online subsystems
[2018.12.20-11.37.19:273][219]LogSlate: Updating window title bar state: overlay mode, drag disabled, window buttons hidden, title bar hidden
[2018.12.20-11.37.19:322][223]LogPlayLevel: Display: Destroying online subsystem :Context_9
[2018.12.20-11.37.20:785][392]LogSlate: FSceneViewport::OnFocusLost() reason 0
[2018.12.20-11.37.23:569][717]LogSlate: FSceneViewport::OnFocusLost() reason 0
[2018.12.20-11.38.55:318][536]LogHttp: Warning: 000001B295D6EAC0: request failed, libcurl error: 7 (Couldn't connect to server)
[2018.12.20-11.38.55:318][536]LogHttp: Warning: 000001B295D6EAC0: libcurl info message cache 0 (Hostname in DNS cache was stale, zapped)
[2018.12.20-11.38.55:318][536]LogHttp: Warning: 000001B295D6EAC0: libcurl info message cache 1 (  Trying 127.0.0.1...)
[2018.12.20-11.38.55:318][536]LogHttp: Warning: 000001B295D6EAC0: libcurl info message cache 2 (TCP_NODELAY set)
[2018.12.20-11.38.55:318][536]LogHttp: Warning: 000001B295D6EAC0: libcurl info message cache 3 (connect to 127.0.0.1 port 9666 failed: Connection refused)
[2018.12.20-11.38.55:318][536]LogHttp: Warning: 000001B295D6EAC0: libcurl info message cache 4 (Failed to connect to 127.0.0.1 port 9666: Connection refused)
[2018.12.20-11.38.55:318][536]LogHttp: Warning: 000001B295D6EAC0: libcurl info message cache 5 (Closing connection 3)
[2018.12.20-11.40.56:889][898]LogHttp: Warning: 000001B295D6EAC0: request failed, libcurl error: 7 (Couldn't connect to server)
[2018.12.20-11.40.56:889][898]LogHttp: Warning: 000001B295D6EAC0: libcurl info message cache 0 (Hostname in DNS cache was stale, zapped)
[2018.12.20-11.40.56:889][898]LogHttp: Warning: 000001B295D6EAC0: libcurl info message cache 1 (  Trying 127.0.0.1...)
[2018.12.20-11.40.56:889][898]LogHttp: Warning: 000001B295D6EAC0: libcurl info message cache 2 (TCP_NODELAY set)
[2018.12.20-11.40.56:889][898]LogHttp: Warning: 000001B295D6EAC0: libcurl info message cache 3 (connect to 127.0.0.1 port 9666 failed: Connection refused)
[2018.12.20-11.40.56:889][898]LogHttp: Warning: 000001B295D6EAC0: libcurl info message cache 4 (Failed to connect to 127.0.0.1 port 9666: Connection refused)
[2018.12.20-11.40.56:889][898]LogHttp: Warning: 000001B295D6EAC0: libcurl info message cache 5 (Closing connection 4)
[2018.12.20-11.42.58:431][262]LogHttp: Warning: 000001B295D6EAC0: request failed, libcurl error: 7 (Couldn't connect to server)
[2018.12.20-11.42.58:431][262]LogHttp: Warning: 000001B295D6EAC0: libcurl info message cache 0 (Hostname in DNS cache was stale, zapped)
[2018.12.20-11.42.58:431][262]LogHttp: Warning: 000001B295D6EAC0: libcurl info message cache 1 (  Trying 127.0.0.1...)
[2018.12.20-11.42.58:431][262]LogHttp: Warning: 000001B295D6EAC0: libcurl info message cache 2 (TCP_NODELAY set)
[2018.12.20-11.42.58:431][262]LogHttp: Warning: 000001B295D6EAC0: libcurl info message cache 3 (connect to 127.0.0.1 port 9666 failed: Connection refused)
[2018.12.20-11.42.58:431][262]LogHttp: Warning: 000001B295D6EAC0: libcurl info message cache 4 (Failed to connect to 127.0.0.1 port 9666: Connection refused)
[2018.12.20-11.42.58:431][262]LogHttp: Warning: 000001B295D6EAC0: libcurl info message cache 5 (Closing connection 5)
[2018.12.20-11.43.19:036][480]LogTemp: Repeating last play command: Selected Viewport
[2018.12.20-11.43.19:053][480]LogPlayLevel: PlayLevel: No blueprints needed recompiling
[2018.12.20-11.43.19:053][480]PIE: New page: PIE session: FootInteractionMap (Dec 21, 2018, 3:43:19 AM)
[2018.12.20-11.43.19:053][480]LogPlayLevel: Creating play world package: /Game/Map/UEDPIE_0_FootInteractionMap
[2018.12.20-11.43.19:065][480]LogPlayLevel: PIE: StaticDuplicateObject took: (0.011433s)
[2018.12.20-11.43.19:066][480]LogAIModule: Creating AISystem for world FootInteractionMap
[2018.12.20-11.43.19:066][480]LogPlayLevel: PIE: World Init took: (0.001028s)
[2018.12.20-11.43.19:066][480]LogPlayLevel: PIE: Created PIE world by copying editor world from /Game/Map/FootInteractionMap.FootInteractionMap to /Game/Map/UEDPIE_0_FootInteractionMap.FootInteractionMap (0.012603s)
[2018.12.20-11.43.19:098][480]LogInit: XAudio2 using '扬声器 (Conexant HD Audio)' : 2 channels at 48 kHz using 32 bits per sample (channel mask 0x3)
[2018.12.20-11.43.19:106][480]LogInit: FAudioDevice initialized.
[2018.12.20-11.43.19:137][480]LogLoad: Game class is 'GameModeT_C'
[2018.12.20-11.43.19:141][480]LogWorld: Bringing World /Game/Map/UEDPIE_0_FootInteractionMap.FootInteractionMap up for play (max tick rate 0) at 2018.12.20-19.43.19
[2018.12.20-11.43.19:141][480]LogWorld: Bringing up level for play took: 0.003684
[2018.12.20-11.43.19:155][480]PIE: Play in editor start time for /Game/Map/UEDPIE_0_FootInteractionMap 1.026
[2018.12.20-11.43.24:678][137]LogSlate: FSceneViewport::OnFocusLost() reason 2
[2018.12.20-11.43.29:595][712]LogMaterial: Display: Missing cached shader map for material FMatExpressionPreview MaterialExpressionMultiply_1, compiling. 
[2018.12.20-11.43.29:617][715]LogShaderCompilers: Display: Shaders left to compile 2
[2018.12.20-11.43.29:617][715]LogShaderCompilers: Display: Shaders left to compile 1
[2018.12.20-11.43.40:938][ 25]LogSlate: Updating window title bar state: overlay mode, drag disabled, window buttons hidden, title bar hidden
[2018.12.20-11.43.40:971][ 25]LogPlayLevel: Display: Shutting down PIE online subsystems
[2018.12.20-11.43.40:991][ 25]LogSlate: Updating window title bar state: overlay mode, drag disabled, window buttons hidden, title bar hidden
[2018.12.20-11.43.41:045][ 27]LogPlayLevel: Display: Destroying online subsystem :Context_10
[2018.12.20-11.43.42:113][154]LogSlate: FSceneViewport::OnFocusLost() reason 0
[2018.12.20-11.44.59:952][598]LogHttp: Warning: 000001B2962274C0: request failed, libcurl error: 7 (Couldn't connect to server)
[2018.12.20-11.44.59:952][598]LogHttp: Warning: 000001B2962274C0: libcurl info message cache 0 (Hostname in DNS cache was stale, zapped)
[2018.12.20-11.44.59:952][598]LogHttp: Warning: 000001B2962274C0: libcurl info message cache 1 (  Trying 127.0.0.1...)
[2018.12.20-11.44.59:952][598]LogHttp: Warning: 000001B2962274C0: libcurl info message cache 2 (TCP_NODELAY set)
[2018.12.20-11.44.59:952][598]LogHttp: Warning: 000001B2962274C0: libcurl info message cache 3 (connect to 127.0.0.1 port 9666 failed: Connection refused)
[2018.12.20-11.44.59:952][598]LogHttp: Warning: 000001B2962274C0: libcurl info message cache 4 (Failed to connect to 127.0.0.1 port 9666: Connection refused)
[2018.12.20-11.44.59:952][598]LogHttp: Warning: 000001B2962274C0: libcurl info message cache 5 (Closing connection 6)
[2018.12.20-11.47.01:562][961]LogHttp: Warning: 000001B296224540: request failed, libcurl error: 7 (Couldn't connect to server)
[2018.12.20-11.47.01:562][961]LogHttp: Warning: 000001B296224540: libcurl info message cache 0 (Hostname in DNS cache was stale, zapped)
[2018.12.20-11.47.01:562][961]LogHttp: Warning: 000001B296224540: libcurl info message cache 1 (  Trying 127.0.0.1...)
[2018.12.20-11.47.01:562][961]LogHttp: Warning: 000001B296224540: libcurl info message cache 2 (TCP_NODELAY set)
[2018.12.20-11.47.01:562][961]LogHttp: Warning: 000001B296224540: libcurl info message cache 3 (connect to 127.0.0.1 port 9666 failed: Connection refused)
[2018.12.20-11.47.01:562][961]LogHttp: Warning: 000001B296224540: libcurl info message cache 4 (Failed to connect to 127.0.0.1 port 9666: Connection refused)
[2018.12.20-11.47.01:562][961]LogHttp: Warning: 000001B296224540: libcurl info message cache 5 (Closing connection 7)
[2018.12.20-11.49.03:179][323]LogHttp: Warning: 000001B296224540: request failed, libcurl error: 7 (Couldn't connect to server)
[2018.12.20-11.49.03:179][323]LogHttp: Warning: 000001B296224540: libcurl info message cache 0 (Hostname in DNS cache was stale, zapped)
[2018.12.20-11.49.03:179][323]LogHttp: Warning: 000001B296224540: libcurl info message cache 1 (  Trying 127.0.0.1...)
[2018.12.20-11.49.03:179][323]LogHttp: Warning: 000001B296224540: libcurl info message cache 2 (TCP_NODELAY set)
[2018.12.20-11.49.03:179][323]LogHttp: Warning: 000001B296224540: libcurl info message cache 3 (connect to 127.0.0.1 port 9666 failed: Connection refused)
[2018.12.20-11.49.03:179][323]LogHttp: Warning: 000001B296224540: libcurl info message cache 4 (Failed to connect to 127.0.0.1 port 9666: Connection refused)
[2018.12.20-11.49.03:179][323]LogHttp: Warning: 000001B296224540: libcurl info message cache 5 (Closing connection 8)
