Log file open, 12/24/18 09:24:45
LogWindows: Failed to load 'aqProf.dll' (GetLastError=126)
LogWindows: File 'aqProf.dll' does not exist
LogWindows: Failed to load 'VSPerf140.dll' (GetLastError=126)
LogWindows: File 'VSPerf140.dll' does not exist
LogWindows: Failed to load 'VtuneApi.dll' (GetLastError=126)
LogWindows: File 'VtuneApi.dll' does not exist
LogWindows: Failed to load 'VtuneApi32e.dll' (GetLastError=126)
LogWindows: File 'VtuneApi32e.dll' does not exist
LogInit: Display: Running engine for game: Material
LogPlatformFile: Not using cached read wrapper
LogTaskGraph: Started task graph with 5 named threads and 23 total threads with 3 sets of task threads.
LogStats: Stats thread started at 2.160177
LogD3D11RHI: Loaded GFSDK_Aftermath_Lib.x64.dll
LogICUInternationalization: Display: ICU TimeZone Detection - Raw Offset: +8:00, Platform Override: ''
LogPluginManager: Mounting plugin Paper2D
LogPluginManager: Mounting plugin AISupport
LogPluginManager: Mounting plugin LightPropagationVolume
LogPluginManager: Mounting plugin CLionSourceCodeAccess
LogPluginManager: Mounting plugin CodeLiteSourceCodeAccess
LogPluginManager: Mounting plugin GitSourceControl
LogPluginManager: Mounting plugin KDevelopSourceCodeAccess
LogPluginManager: Mounting plugin NullSourceCodeAccess
LogPluginManager: Mounting plugin PerforceSourceControl
LogPluginManager: Mounting plugin SubversionSourceControl
LogPluginManager: Mounting plugin UObjectPlugin
LogPluginManager: Mounting plugin VisualStudioCodeSourceCodeAccess
LogPluginManager: Mounting plugin VisualStudioSourceCodeAccess
LogPluginManager: Mounting plugin XCodeSourceCodeAccess
LogPluginManager: Mounting plugin AssetManagerEditor
LogPluginManager: Mounting plugin CryptoKeys
LogPluginManager: Mounting plugin DataValidation
LogPluginManager: Mounting plugin FacialAnimation
LogPluginManager: Mounting plugin GameplayTagsEditor
LogPluginManager: Mounting plugin MacGraphicsSwitching
LogPluginManager: Mounting plugin MeshEditor
LogPluginManager: Mounting plugin MobileLauncherProfileWizard
LogPluginManager: Mounting plugin PluginBrowser
LogPluginManager: Mounting plugin SpeedTreeImporter
LogPluginManager: Mounting plugin DatasmithContent
LogPluginManager: Mounting plugin AlembicImporter
LogPluginManager: Mounting plugin AppleImageUtils
LogPluginManager: Mounting plugin AppleVision
LogPluginManager: Mounting plugin BackChannel
LogPluginManager: Mounting plugin CharacterAI
LogPluginManager: Mounting plugin GeometryCache
LogPluginManager: Mounting plugin HTML5Networking
LogPluginManager: Mounting plugin ProxyLODPlugin
LogPluginManager: Mounting plugin MagicLeap
LogPluginManager: Mounting plugin MagicLeapEmulator
LogPluginManager: Mounting plugin MagicLeapMedia
LogPluginManager: Mounting plugin AndroidMedia
LogPluginManager: Mounting plugin AvfMedia
LogPluginManager: Mounting plugin ImgMedia
LogPluginManager: Mounting plugin LinearTimecode
LogPluginManager: Mounting plugin MediaCompositing
LogPluginManager: Mounting plugin MediaPlayerEditor
LogPluginManager: Mounting plugin WmfMedia
LogPluginManager: Mounting plugin TcpMessaging
LogPluginManager: Mounting plugin UdpMessaging
LogPluginManager: Mounting plugin ActorSequence
LogPluginManager: Mounting plugin LevelSequenceEditor
LogPluginManager: Mounting plugin MatineeToLevelSequence
LogPluginManager: Mounting plugin NetcodeUnitTest
LogPluginManager: Mounting plugin NUTUnrealEngine4
LogPluginManager: Mounting plugin OnlineSubsystemGooglePlay
LogPluginManager: Mounting plugin OnlineSubsystemIOS
LogPluginManager: Mounting plugin OnlineSubsystem
LogPluginManager: Mounting plugin OnlineSubsystemNull
LogPluginManager: Mounting plugin OnlineSubsystemUtils
LogPluginManager: Mounting plugin LauncherChunkInstaller
LogPluginManager: Mounting plugin AndroidDeviceProfileSelector
LogPluginManager: Mounting plugin AndroidMoviePlayer
LogPluginManager: Mounting plugin AndroidPermission
LogPluginManager: Mounting plugin AppleMoviePlayer
LogPluginManager: Mounting plugin ArchVisCharacter
LogPluginManager: Mounting plugin AudioCapture
LogPluginManager: Mounting plugin CableComponent
LogPluginManager: Mounting plugin CustomMeshComponent
LogPluginManager: Mounting plugin EditableMesh
LogPluginManager: Mounting plugin ExampleDeviceProfileSelector
LogPluginManager: Mounting plugin GoogleCloudMessaging
LogPluginManager: Mounting plugin ImmediatePhysics
LogPluginManager: Mounting plugin IOSDeviceProfileSelector
LogPluginManager: Mounting plugin LinuxDeviceProfileSelector
LogPluginManager: Mounting plugin LocationServicesBPLibrary
LogPluginManager: Mounting plugin MobilePatchingUtils
LogPluginManager: Mounting plugin OculusVR
LogPluginManager: Plugin shader directory ../../../Engine/Plugins/Runtime/Oculus/OculusVR/Shaders found
LogPluginManager: Mapping shader source directory ../../../Engine/Plugins/Runtime/Oculus/OculusVR/Shaders to virtual directory /Plugin/OculusVR
LogPluginManager: Mounting plugin PhysXVehicles
LogPluginManager: Mounting plugin ProceduralMeshComponent
LogPluginManager: Mounting plugin RuntimePhysXCooking
LogPluginManager: Mounting plugin SteamVR
LogPluginManager: Mounting plugin WindowsMoviePlayer
LogStreaming: Display: Took  0.371s to configure plugins.
LogInit: Using libcurl 7.55.1-DEV
LogInit:  - built for x86_64-pc-win32
LogInit:  - supports SSL with OpenSSL/1.0.2h
LogInit:  - supports HTTP deflate (compression) using libz 1.2.8
LogInit:  - other features:
LogInit:      CURL_VERSION_SSL
LogInit:      CURL_VERSION_LIBZ
LogInit:      CURL_VERSION_IPV6
LogInit:      CURL_VERSION_ASYNCHDNS
LogInit:      CURL_VERSION_LARGEFILE
LogInit:      CURL_VERSION_IDN
LogInit:  CurlRequestOptions (configurable via config and command line):
LogInit:  - bVerifyPeer = false  - Libcurl will NOT verify peer certificate
LogInit:  - bUseHttpProxy = false  - Libcurl will NOT use HTTP proxy
LogInit:  - bDontReuseConnections = false  - Libcurl will reuse connections
LogInit:  - CertBundlePath = nullptr  - Libcurl will use whatever was configured at build time.
LogInit:  - MaxHostConnections = 16  - Libcurl will limit the number of connections to a host
LogInit:  - LocalHostAddr = Default
LogInit:  - BufferSize = 65536
LogInit: WinSock: version 1.1 (2.2), MaxSocks=32767, MaxUdp=65467
LogInit: Build: ++UE4+Release-4.20-CL-4302132
LogInit: Engine Version: 4.20.2-4302132+++UE4+Release-4.20
LogInit: Compatible Engine Version: 4.20.0-4212847+++UE4+Release-4.20
LogInit: Net CL: 4212847
LogInit: OS: Windows 10 (), CPU: Intel(R) Core(TM) i7-6700 CPU @ 3.40GHz, GPU: NVIDIA GeForce GTX 1050
LogInit: Compiled (64-bit): Aug 21 2018 02:06:06
LogInit: Compiled with Visual C++: 19.13.26129.00
LogInit: Build Configuration: Development
LogInit: Branch Name: ++UE4+Release-4.20
LogInit: Command Line:  -skipcompile
LogInit: Base Directory: D:/EpicGames/UE_4.20/Engine/Binaries/Win64/
LogInit: Installed Engine Build: 1
LogDevObjectVersion: Number of dev versions registered: 20
LogDevObjectVersion:   Dev-Blueprints (B0D832E4-1F89-4F0D-ACCF-7EB736FD4AA2): 10
LogDevObjectVersion:   Dev-Build (E1C64328-A22C-4D53-A36C-8E866417BD8C): 0
LogDevObjectVersion:   Dev-Core (375EC13C-06E4-48FB-B500-84F0262A717E): 2
LogDevObjectVersion:   Dev-Editor (E4B068ED-F494-42E9-A231-DA0B2E46BB41): 24
LogDevObjectVersion:   Dev-Framework (CFFC743F-43B0-4480-9391-14DF171D2073): 34
LogDevObjectVersion:   Dev-Mobile (B02B49B5-BB20-44E9-A304-32B752E40360): 2
LogDevObjectVersion:   Dev-Networking (A4E4105C-59A1-49B5-A7C5-40C4547EDFEE): 0
LogDevObjectVersion:   Dev-Online (39C831C9-5AE6-47DC-9A44-9C173E1C8E7C): 0
LogDevObjectVersion:   Dev-Physics (78F01B33-EBEA-4F98-B9B4-84EACCB95AA2): 0
LogDevObjectVersion:   Dev-Platform (6631380F-2D4D-43E0-8009-CF276956A95A): 0
LogDevObjectVersion:   Dev-Rendering (12F88B9F-8875-4AFC-A67C-D90C383ABD29): 26
LogDevObjectVersion:   Dev-Sequencer (7B5AE74C-D270-4C10-A958-57980B212A5A): 9
LogDevObjectVersion:   Dev-VR (D7296918-1DD6-4BDD-9DE2-64A83CC13884): 2
LogDevObjectVersion:   Dev-LoadTimes (C2A15278-BFE7-4AFE-6C17-90FF531DF755): 1
LogDevObjectVersion:   Private-Geometry (6EACA3D4-40EC-4CC1-B786-8BED09428FC5): 3
LogDevObjectVersion:   Dev-AnimPhys (29E575DD-E0A3-4627-9D10-D276232CDCEA): 17
LogDevObjectVersion:   Dev-ReflectionCapture (6B266CEC-1EC7-4B8F-A30B-E4D90942FC07): 1
LogDevObjectVersion:   Dev-Automation (0DF73D61-A23F-47EA-B727-89E90C41499A): 1
LogDevObjectVersion:   FortniteMain (601D1886-AC64-4F84-AA16-D3DE0DEAC7D6): 12
LogDevObjectVersion:   Dev-Enterprise (9DFFBCD6-494F-0158-E221-12823C92A888): 1
LogStreaming: Display: Took  0.001s to delete old logs.
LogInit: Presizing for max 8388607 objects, including 0 objects not considered by GC, pre-allocating 0 bytes for permanent pool.
LogInit: Object subsystem initialized
[2018.12.24-01.24.46:742][  0]LogInit: Selected Device Profile: [Windows]
[2018.12.24-01.24.46:742][  0]LogInit: Applying CVar settings loaded from the selected device profile: [Windows]
[2018.12.24-01.24.46:779][  0]LogHAL: Display: Platform has ~ 16 GB [17053208576 / 17179869184 / 16], which maps to Larger [LargestMinGB=32, LargerMinGB=12, DefaultMinGB=8, SmallerMinGB=6, SmallestMinGB=0)
[2018.12.24-01.24.46:780][  0]LogInit: Setting Device Profile CVar: [[r.Vulkan.UseRealUBs:1]]
[2018.12.24-01.24.46:781][  0]LogInit: Going up to parent DeviceProfile []
[2018.12.24-01.24.46:807][  0]LogInit: Computer: SH-wengjun
[2018.12.24-01.24.46:807][  0]LogInit: User: wengjun
[2018.12.24-01.24.46:807][  0]LogInit: CPU Page size=4096, Cores=4
[2018.12.24-01.24.46:807][  0]LogInit: High frequency timer resolution =3.328125 MHz
[2018.12.24-01.24.46:807][  0]LogMemory: Memory total: Physical=15.9GB (16GB approx)
[2018.12.24-01.24.46:808][  0]LogMemory: Platform Memory Stats for Windows
[2018.12.24-01.24.46:808][  0]LogMemory: Process Physical Memory: 101.95 MB used, 101.95 MB peak
[2018.12.24-01.24.46:808][  0]LogMemory: Process Virtual Memory: 89.52 MB used, 89.52 MB peak
[2018.12.24-01.24.46:808][  0]LogMemory: Physical Memory: 8591.39 MB used,  7671.82 MB free, 16263.21 MB total
[2018.12.24-01.24.46:808][  0]LogMemory: Virtual Memory: 4644.39 MB used,  7671.82 MB free, 134217728.00 MB total
[2018.12.24-01.24.47:554][  0]LogInit: Overriding language with editor language configuration option (en).
[2018.12.24-01.24.47:554][  0]LogInit: Overriding locale with editor locale configuration option (en).
[2018.12.24-01.24.48:114][  0]LogStreaming: Display: Took  0.537s to InitEngineTextLocalization.
[2018.12.24-01.24.48:128][  0]LogInit: Setting process to per monitor DPI aware
[2018.12.24-01.24.48:378][  0]LogSlate: New Slate User Created.  User Index 0, Is Virtual User: 0
[2018.12.24-01.24.48:378][  0]LogSlate: Slate User Registered.  User Index 0, Is Virtual User: 0
[2018.12.24-01.24.48:831][  0]LogHMD: Failed to initialize OpenVR with code 110
[2018.12.24-01.24.48:831][  0]LogD3D11RHI: D3D11 adapters:
[2018.12.24-01.24.48:930][  0]LogD3D11RHI:    0. 'NVIDIA GeForce GTX 1050' (Feature Level 11_0)
[2018.12.24-01.24.48:930][  0]LogD3D11RHI:       1977/0/8131 MB DedicatedVideo/DedicatedSystem/SharedSystem, Outputs:1, VendorId:0x10de
[2018.12.24-01.24.48:953][  0]LogD3D11RHI:    1. 'Intel(R) HD Graphics 530' (Feature Level 11_0)
[2018.12.24-01.24.48:953][  0]LogD3D11RHI:       128/0/8131 MB DedicatedVideo/DedicatedSystem/SharedSystem, Outputs:0, VendorId:0x8086
[2018.12.24-01.24.48:959][  0]LogD3D11RHI:    2. 'Microsoft Basic Render Driver' (Feature Level 11_0)
[2018.12.24-01.24.48:959][  0]LogD3D11RHI:       0/0/8131 MB DedicatedVideo/DedicatedSystem/SharedSystem, Outputs:0, VendorId:0x1414
[2018.12.24-01.24.48:959][  0]LogD3D11RHI: Chosen D3D11 Adapter: 0
[2018.12.24-01.24.48:974][  0]LogD3D11RHI: Creating new Direct3DDevice
[2018.12.24-01.24.48:974][  0]LogD3D11RHI:     GPU DeviceId: 0x1c81 (for the marketing name, search the web for "GPU Device Id")
[2018.12.24-01.24.48:994][  0]LogWindows: EnumDisplayDevices:
[2018.12.24-01.24.48:995][  0]LogWindows:    0. 'NVIDIA GeForce GTX 1050' (P:1 D:1)
[2018.12.24-01.24.48:995][  0]LogWindows:    1. 'NVIDIA GeForce GTX 1050' (P:0 D:0)
[2018.12.24-01.24.48:996][  0]LogWindows:    2. 'NVIDIA GeForce GTX 1050' (P:0 D:0)
[2018.12.24-01.24.48:997][  0]LogWindows:    3. 'NVIDIA GeForce GTX 1050' (P:0 D:0)
[2018.12.24-01.24.48:997][  0]LogWindows:    4. 'Intel(R) HD Graphics 530' (P:0 D:0)
[2018.12.24-01.24.48:997][  0]LogWindows:    5. 'Intel(R) HD Graphics 530' (P:0 D:0)
[2018.12.24-01.24.48:998][  0]LogWindows:    6. 'Intel(R) HD Graphics 530' (P:0 D:0)
[2018.12.24-01.24.48:998][  0]LogWindows: DebugString: PrimaryIsNotTheChoosenAdapter PrimaryIsNotTheChoosenAdapter PrimaryIsNotTheChoosenAdapter FoundDriverCount:4 
[2018.12.24-01.24.48:998][  0]LogD3D11RHI:     Adapter Name: NVIDIA GeForce GTX 1050
[2018.12.24-01.24.48:998][  0]LogD3D11RHI:   Driver Version: 391.35 (internal:23.21.13.9135, unified:391.35)
[2018.12.24-01.24.48:998][  0]LogD3D11RHI:      Driver Date: 3-23-2018
[2018.12.24-01.24.48:998][  0]LogRHI: Texture pool is 1384 MB (70% of 1977 MB)
[2018.12.24-01.24.49:059][  0]LogD3D11RHI: Async texture creation enabled
[2018.12.24-01.24.49:242][  0]LogD3D11RHI: GPU Timing Frequency: 1000.000000 (Debug: 2 2)
[2018.12.24-01.24.49:310][  0]LogShaderCompilers: Guid format shader working directory is 6 characters bigger than the processId version (E:/FreeMakeGame/SmallGame/Client/Material/Intermediate/Shaders/WorkingDirectory/73600/).
[2018.12.24-01.24.49:311][  0]LogShaderCompilers: Cleaned the shader compiler working directory 'C:/Users/wengjun/AppData/Local/Temp/UnrealShaderWorkingDir/3DC41B99483100723E3E869E6257D591/'.
[2018.12.24-01.24.49:657][  0]LogTemp: Display: Loaded TP AllDesktopTargetPlatform
[2018.12.24-01.24.49:688][  0]LogTemp: Display: Loaded TP MacClientTargetPlatform
[2018.12.24-01.24.49:716][  0]LogTemp: Display: Loaded TP MacNoEditorTargetPlatform
[2018.12.24-01.24.49:745][  0]LogTemp: Display: Loaded TP MacServerTargetPlatform
[2018.12.24-01.24.49:796][  0]LogTemp: Display: Loaded TP MacTargetPlatform
[2018.12.24-01.24.49:895][  0]LogTemp: Display: Loaded TP WindowsClientTargetPlatform
[2018.12.24-01.24.49:934][  0]LogTemp: Display: Loaded TP WindowsNoEditorTargetPlatform
[2018.12.24-01.24.49:967][  0]LogTemp: Display: Loaded TP WindowsServerTargetPlatform
[2018.12.24-01.24.50:000][  0]LogTemp: Display: Loaded TP WindowsTargetPlatform
[2018.12.24-01.24.50:129][  0]LogTemp: Display: Loaded TP AndroidTargetPlatform
[2018.12.24-01.24.50:130][  0]LogTemp: Display: Loaded TP AndroidTargetPlatform
[2018.12.24-01.24.50:130][  0]LogTemp: Display: Loaded TP AndroidTargetPlatform
[2018.12.24-01.24.50:130][  0]LogTemp: Display: Loaded TP AndroidTargetPlatform
[2018.12.24-01.24.50:130][  0]LogTemp: Display: Loaded TP AndroidTargetPlatform
[2018.12.24-01.24.50:130][  0]LogTemp: Display: Loaded TP AndroidTargetPlatform
[2018.12.24-01.24.50:130][  0]LogTemp: Display: Loaded TP AndroidTargetPlatform
[2018.12.24-01.24.50:130][  0]LogTemp: Display: Loaded TP AndroidTargetPlatform
[2018.12.24-01.24.50:131][  0]LogTemp: Display: Loaded TP AndroidTargetPlatform
[2018.12.24-01.24.50:131][  0]LogTemp: Display: Loaded TP AndroidTargetPlatform
[2018.12.24-01.24.50:131][  0]LogTemp: Display: Loaded TP AndroidTargetPlatform
[2018.12.24-01.24.50:131][  0]LogTemp: Display: Loaded TP AndroidTargetPlatform
[2018.12.24-01.24.50:131][  0]LogTemp: Display: Loaded TP AndroidTargetPlatform
[2018.12.24-01.24.50:131][  0]LogTemp: Display: Loaded TP AndroidTargetPlatform
[2018.12.24-01.24.50:131][  0]LogTemp: Display: Loaded TP AndroidTargetPlatform
[2018.12.24-01.24.50:131][  0]LogTemp: Display: Loaded TP AndroidTargetPlatform
[2018.12.24-01.24.50:131][  0]LogTemp: Display: Loaded TP AndroidTargetPlatform
[2018.12.24-01.24.50:132][  0]LogTemp: Display: Loaded TP AndroidTargetPlatform
[2018.12.24-01.24.50:163][  0]LogTemp: Display: Loaded TP HTML5TargetPlatform
[2018.12.24-01.24.50:292][  0]LogTemp: Display: Loaded TP IOSTargetPlatform
[2018.12.24-01.24.50:292][  0]LogTemp: Display: Loaded TP IOSTargetPlatform
[2018.12.24-01.24.50:335][  0]LogTemp: Display: Loaded TP TVOSTargetPlatform
[2018.12.24-01.24.50:335][  0]LogTemp: Display: Loaded TP TVOSTargetPlatform
[2018.12.24-01.24.50:358][  0]LogTemp: Display: Loaded TP LinuxClientTargetPlatform
[2018.12.24-01.24.50:379][  0]LogTemp: Display: Loaded TP LinuxNoEditorTargetPlatform
[2018.12.24-01.24.50:403][  0]LogTemp: Display: Loaded TP LinuxServerTargetPlatform
[2018.12.24-01.24.50:433][  0]LogTemp: Display: Loaded TP LinuxTargetPlatform
[2018.12.24-01.24.50:453][  0]LogTemp: Display: Loaded TP LuminTargetPlatform
[2018.12.24-01.24.50:454][  0]LogTargetPlatformManager: Display: Building Assets For Windows
[2018.12.24-01.24.51:097][  0]LogXGEController: Cleaning working directory: C:/Users/wengjun/AppData/Local/Temp/UnrealXGEWorkingDir/
[2018.12.24-01.24.51:098][  0]LogXGEController: Cannot use XGE Controller as Incredibuild is not installed on this machine.
[2018.12.24-01.24.51:098][  0]LogShaderCompilers: Cannot use XGE Shader Compiler as Incredibuild is not installed on this machine.
[2018.12.24-01.24.51:098][  0]LogShaderCompilers: Display: Using Local Shader Compiler.
[2018.12.24-01.24.52:314][  0]LogDerivedDataCache: Display: Max Cache Size: 512 MB
[2018.12.24-01.24.52:599][  0]LogDerivedDataCache: Loaded boot cache 0.28s 71MB C:/Users/wengjun/AppData/Local/UnrealEngine/4.20/DerivedDataCache/Boot.ddc.
[2018.12.24-01.24.52:599][  0]LogDerivedDataCache: Display: Loaded Boot cache: C:/Users/wengjun/AppData/Local/UnrealEngine/4.20/DerivedDataCache/Boot.ddc
[2018.12.24-01.24.52:599][  0]LogDerivedDataCache: FDerivedDataBackendGraph:  Pak pak cache file E:/FreeMakeGame/SmallGame/Client/Material/DerivedDataCache/DDC.ddp not found, will not use a pak cache.
[2018.12.24-01.24.52:599][  0]LogDerivedDataCache: Unable to find inner node Pak for hierarchical cache Hierarchy.
[2018.12.24-01.24.52:599][  0]LogDerivedDataCache: FDerivedDataBackendGraph:  CompressedPak pak cache file E:/FreeMakeGame/SmallGame/Client/Material/DerivedDataCache/Compressed.ddp not found, will not use a pak cache.
[2018.12.24-01.24.52:599][  0]LogDerivedDataCache: Unable to find inner node CompressedPak for hierarchical cache Hierarchy.
[2018.12.24-01.24.52:633][  0]LogDerivedDataCache: Display: Pak cache opened for reading ../../../Engine/DerivedDataCache/Compressed.ddp.
[2018.12.24-01.24.52:652][  0]LogDerivedDataCache: Using Local data cache path C:/Users/wengjun/AppData/Local/UnrealEngine/Common/DerivedDataCache: Writable
[2018.12.24-01.24.52:652][  0]LogDerivedDataCache: Shared data cache path not found in *engine.ini, will not use an Shared cache.
[2018.12.24-01.24.52:652][  0]LogDerivedDataCache: Unable to find inner node Shared for hierarchical cache Hierarchy.
[2018.12.24-01.24.52:700][  0]LogMaterial: Verifying Global Shaders for PCD3D_SM5
[2018.12.24-01.24.52:728][  0]LogSlate: Using FreeType 2.6.0
[2018.12.24-01.24.52:746][  0]LogSlate: SlateFontServices - WITH_FREETYPE: 1, WITH_HARFBUZZ: 1
[2018.12.24-01.24.53:016][  0]LogAssetRegistry: FAssetRegistry took 0.0406 seconds to start up
[2018.12.24-01.24.53:935][  0]LogInit: Selected Device Profile: [Windows]
[2018.12.24-01.24.54:884][  0]LogSimplygon: Simplygon DLL not present - disabling.
[2018.12.24-01.24.54:983][  0]LogMeshReduction: Using SimplygonSwarm for distributed automatic mesh merging
[2018.12.24-01.24.54:983][  0]LogMeshReduction: Using ProxyLODMeshReduction for automatic mesh merging
[2018.12.24-01.24.54:983][  0]LogMeshReduction: Using QuadricMeshReduction for automatic static mesh reduction
[2018.12.24-01.24.54:983][  0]LogMeshReduction: No automatic skeletal mesh reduction module available
[2018.12.24-01.24.55:163][  0]LogNetVersion: Material 1.0.0, NetCL: 4212847, EngineNetVer: 5, GameNetVer: 0 (Checksum: 3674944370)
[2018.12.24-01.24.57:255][  0]LogPackageLocalizationCache: Processed 11 localized package path(s) for 1 prioritized culture(s) in 0.064037 seconds
[2018.12.24-01.24.57:284][  0]LogUObjectArray: 38425 objects as part of root set at end of initial load.
[2018.12.24-01.24.57:284][  0]LogUObjectAllocator: 6690872 out of 0 bytes used by permanent object pool.
[2018.12.24-01.24.57:285][  0]LogUObjectArray: CloseDisregardForGC: 0/0 objects in disregard for GC pool
[2018.12.24-01.25.01:253][  0]LogTcpMessaging: Initializing TcpMessaging bridge
[2018.12.24-01.25.01:287][  0]LogUdpMessaging: Initializing bridge on interface 0.0.0.0:0 to multicast group 230.0.0.1:6666.
[2018.12.24-01.25.02:569][  0]SourceControl: Source control is disabled
[2018.12.24-01.25.02:569][  0]SourceControl: Source control is disabled
[2018.12.24-01.25.02:618][  0]SourceControl: Source control is disabled
[2018.12.24-01.25.02:643][  0]SourceControl: Source control is disabled
[2018.12.24-01.25.03:563][  0]LogAndroidPermission: UAndroidPermissionCallbackProxy::GetInstance
[2018.12.24-01.25.03:838][  0]LogOcInput: OculusInput pre-init called
[2018.12.24-01.25.04:200][  0]LogEngine: Initializing Engine...
[2018.12.24-01.25.04:203][  0]LogHMD: Failed to initialize OpenVR with code 110
[2018.12.24-01.25.04:227][  0]LogStats: UGameplayTagsManager::ConstructGameplayTagTree: ImportINI prefixes -  0.000 s
[2018.12.24-01.25.04:227][  0]LogStats: UGameplayTagsManager::ConstructGameplayTagTree: Construct from data asset -  0.000 s
[2018.12.24-01.25.04:227][  0]LogStats: UGameplayTagsManager::ConstructGameplayTagTree: ImportINI -  0.000 s
[2018.12.24-01.25.04:228][  0]LogStats: UGameplayTagsManager::ConstructGameplayTagTree: GameplayTagTreeChangedEvent.Broadcast -  0.000 s
[2018.12.24-01.25.04:650][  0]LogInit: Initializing FReadOnlyCVARCache
[2018.12.24-01.25.04:854][  0]LogAIModule: Creating AISystem for world Untitled
[2018.12.24-01.25.04:953][  0]LogInit: XAudio2 using '扬声器 (Conexant HD Audio)' : 2 channels at 48 kHz using 32 bits per sample (channel mask 0x3)
[2018.12.24-01.25.05:000][  0]LogInit: FAudioDevice initialized.
[2018.12.24-01.25.05:001][  0]LogNetVersion: Set ProjectVersion to 1.0.0.0. Version Checksum will be recalculated on next use.
[2018.12.24-01.25.05:085][  0]LogDerivedDataCache: Saved boot cache 0.08s 71MB C:/Users/wengjun/AppData/Local/UnrealEngine/4.20/DerivedDataCache/Boot.ddc.
[2018.12.24-01.25.05:091][  0]LogInit: Texture streaming: Enabled
[2018.12.24-01.25.05:237][  0]LogEngineSessionManager: EngineSessionManager initialized
[2018.12.24-01.25.05:237][  0]LogEngineSessionManager: EngineSessionManager sent abnormal shutdown report. Type=Debugger, SessionId={38E0ADD5-45FA-F76E-8204-44A255F09998}
[2018.12.24-01.25.05:295][  0]LogInit: Transaction tracking system initialized
[2018.12.24-01.25.05:657][  0]BlueprintLog: New page: Editor Load
[2018.12.24-01.25.06:539][  0]LocalizationService: Localization service is disabled
[2018.12.24-01.25.08:166][  0]LogFileCache: Scanning file cache for directory 'E:/FreeMakeGame/SmallGame/Client/Material/Content/' took 0.02s
[2018.12.24-01.25.08:166][  0]LogCook: Display: Max memory allowance for cook 16384mb min free memory 0mb
[2018.12.24-01.25.08:167][  0]LogCook: Display: Mobile HDR setting 1
[2018.12.24-01.25.08:175][  0]LogGameplayTags: Display: UGameplayTagsManager::DoneAddingNativeTags. DelegateIsBound: 0
[2018.12.24-01.25.08:176][  0]LogStats: UGameplayTagsManager::ConstructGameplayTagTree: ImportINI prefixes -  0.000 s
[2018.12.24-01.25.08:176][  0]LogStats: UGameplayTagsManager::ConstructGameplayTagTree: Construct from data asset -  0.000 s
[2018.12.24-01.25.08:176][  0]LogStats: UGameplayTagsManager::ConstructGameplayTagTree: ImportINI -  0.000 s
[2018.12.24-01.25.08:176][  0]LogStats: UGameplayTagsManager::ConstructGameplayTagTree: GameplayTagTreeChangedEvent.Broadcast -  0.000 s
[2018.12.24-01.25.09:320][  0]SourceControl: Source control is disabled
[2018.12.24-01.25.09:335][  0]Cmd: MAP LOAD FILE="E:/FreeMakeGame/SmallGame/Client/Material/Content/Map/FootInteractionMap.umap" TEMPLATE=0 SHOWPROGRESS=1 FEATURELEVEL=3
[2018.12.24-01.25.09:394][  0]LightingResults: New page: Lighting Build
[2018.12.24-01.25.09:490][  0]MapCheck: New page: Map Check
[2018.12.24-01.25.09:490][  0]LightingResults: New page: Lighting Build
[2018.12.24-01.25.12:016][  0]LogAIModule: Creating AISystem for world FootInteractionMap
[2018.12.24-01.25.12:376][  0]LogEditorServer: Finished looking for orphan Actors (0.000 secs)
[2018.12.24-01.25.12:428][  0]Cmd: MAP CHECKDEP NOCLEARLOG
[2018.12.24-01.25.12:486][  0]MapCheck: Map check complete: 0 Error(s), 0 Warning(s), took 57.657ms to complete.
[2018.12.24-01.25.12:487][  0]LogFileHelpers: Loading map 'FootInteractionMap' took 3.152
[2018.12.24-01.25.13:249][  0]LogSlate: Updating window title bar state: overlay mode, drag disabled, window buttons hidden, title bar hidden
[2018.12.24-01.25.13:260][  0]LogSlate: Updating window title bar state: overlay mode, drag disabled, window buttons hidden, title bar hidden
[2018.12.24-01.25.13:268][  0]LogSlate: Updating window title bar state: overlay mode, drag disabled, window buttons hidden, title bar hidden
[2018.12.24-01.25.13:275][  0]LogSlate: Updating window title bar state: overlay mode, drag disabled, window buttons hidden, title bar hidden
[2018.12.24-01.25.13:327][  0]LogCollectionManager: Loaded 0 collections in 0.000787 seconds
[2018.12.24-01.25.13:452][  0]LogFileCache: Scanning file cache for directory 'E:/FreeMakeGame/SmallGame/Client/Material/Saved/Collections/' took 0.01s
[2018.12.24-01.25.13:453][  0]LogFileCache: Scanning file cache for directory 'E:/FreeMakeGame/SmallGame/Client/Material/Content/Developers/wengjun/Collections/' took 0.01s
[2018.12.24-01.25.13:453][  0]LogFileCache: Scanning file cache for directory 'E:/FreeMakeGame/SmallGame/Client/Material/Content/Collections/' took 0.01s
[2018.12.24-01.25.13:453][  0]LogCollectionManager: Rebuilt the GUID cache for 0 collections in 0.000001 seconds
[2018.12.24-01.25.13:469][  0]LogContentBrowser: Native class hierarchy populated in 0.0143 seconds. Added 2574 classes and 607 folders.
[2018.12.24-01.25.13:504][  0]LogContentBrowser: Native class hierarchy updated for 'WidgetCarousel' in 0.0003 seconds. Added 0 classes and 0 folders.
[2018.12.24-01.25.15:323][  0]LogContentBrowser: Native class hierarchy updated for 'AddContentDialog' in 0.0003 seconds. Added 0 classes and 0 folders.
[2018.12.24-01.25.15:373][  0]LogContentBrowser: Native class hierarchy updated for 'SceneOutliner' in 0.0004 seconds. Added 1 classes and 2 folders.
[2018.12.24-01.25.17:666][  0]LogSlate: Only BGRA pngs, bmps or icos are supported in by External Image Picker
[2018.12.24-01.25.17:720][  0]LogSlate: Took 0.008425 seconds to synchronously load lazily loaded font '../../../Engine/Content/Slate/Fonts/Roboto-Regular.ttf' (155K)
[2018.12.24-01.25.17:741][  0]LogTemp: Executing iPhonePackager certificates Engine -bundlename com.YourCompany.Material
[2018.12.24-01.25.17:741][  0]LogTemp: CWD: D:\EpicGames\UE_4.20\Engine\Binaries\DotNET\IOS
[2018.12.24-01.25.17:741][  0]LogTemp: Initial Dir: D:\EpicGames\UE_4.20
[2018.12.24-01.25.17:741][  0]LogTemp: Env CWD: D:\EpicGames\UE_4.20\Engine\Binaries\DotNET\IOS
[2018.12.24-01.25.17:741][  0]LogTemp: BranchPath = SH-wengjun/D/EpicGames/UE_4.20/Engine/Binaries --- GameBranchPath = SH-wengjun/D/EpicGames/UE_4.20/Engine/Binaries
[2018.12.24-01.25.17:742][  0]LogSlate: Took 0.008360 seconds to synchronously load lazily loaded font '../../../Engine/Content/Slate/Fonts/Roboto-Bold.ttf' (160K)
[2018.12.24-01.25.17:781][  0]LogTemp: IPP ERROR: Could not find provision directory 'C:\Users\wengjun\AppData\Local/Apple Computer/MobileDevice/Provisioning Profiles/'.
[2018.12.24-01.25.17:781][  0]LogSlate: Took 0.009784 seconds to synchronously load lazily loaded font '../../../Engine/Content/Editor/Slate/Fonts/FontAwesome.ttf' (139K)
[2018.12.24-01.25.18:066][  0]LogRenderer: Reallocating scene render targets to support 256x256 Format 10 NumSamples 1 (Frame:1).
[2018.12.24-01.25.18:288][  0]LogRenderer: Reallocating scene render targets to support 1192x576 Format 10 NumSamples 1 (Frame:1).
[2018.12.24-01.25.18:341][  0]LogSlate: Took 0.001093 seconds to synchronously load lazily loaded font '../../../Engine/Content/Slate/Fonts/Roboto-Light.ttf' (167K)
[2018.12.24-01.25.18:574][  0]LogContentBrowser: Native class hierarchy updated for 'HierarchicalLODOutliner' in 0.0005 seconds. Added 0 classes and 0 folders.
[2018.12.24-01.25.18:576][  0]LogLoad: (Engine Initialization) Total time: 38.48 seconds
[2018.12.24-01.25.18:577][  0]LogLoad: (Engine Initialization) Total Blueprint compile time: 0.00 seconds
[2018.12.24-01.25.18:683][  0]LogContentStreaming: Texture pool size now 1000 MB
[2018.12.24-01.25.18:879][  2]LogAssetRegistry: Asset discovery search completed in 25.8885 seconds
[2018.12.24-01.25.18:881][  2]LogCollectionManager: Rebuilt the object cache for 0 collections in 0.000000 seconds (found 0 objects)
[2018.12.24-01.25.18:881][  2]LogCollectionManager: Fixed up redirectors for 0 collections in 0.000213 seconds (updated 0 objects)
[2018.12.24-01.26.39:973][473]LogSlate: FSceneViewport::OnFocusLost() reason 0
[2018.12.24-01.26.42:721][789]LogSlate: Took 0.000199 seconds to synchronously load lazily loaded font '../../../Engine/Content/Slate/Fonts/Roboto-Light.ttf' (167K)
[2018.12.24-01.26.42:834][789]LogSlate: Took 0.018092 seconds to synchronously load lazily loaded font '../../../Engine/Content/Slate/Fonts/Roboto-BoldCondensed.ttf' (158K)
[2018.12.24-01.26.58:948][664]Running D:/EpicGames/UE_4.20/Engine/Binaries/DotNET/UnrealBuildTool.exe Win64 Development -TargetType=Editor -Project="E:/FreeMakeGame/SmallGame/Client/Material/Material.uproject" -invalidatemakefilesonly
[2018.12.24-01.26.59:669][664]Invalidating makefiles only in this run.
[2018.12.24-01.26.59:915][664]Candidate modules for hot reload:
[2018.12.24-01.26.59:915][664]  Material
[2018.12.24-01.26.59:916][664]Launching UnrealBuildTool... [D:/EpicGames/UE_4.20/Engine/Binaries/DotNET/UnrealBuildTool.exe  -ModuleWithSuffix=Material,9490 Win64 Development -TargetType=Editor -Project="E:/FreeMakeGame/SmallGame/Client/Material/Material.uproject" -canskiplink "E:/FreeMakeGame/SmallGame/Client/Material/Material.uproject" ]
[2018.12.24-01.28.08:652][664]CompilerResultsLog: New page: Compilation - Dec 24, 2018, 5:28:08 PM
[2018.12.24-01.28.08:664][664]CompilerResultsLog: Creating makefile for hot reloading MaterialEditor (no existing makefile)
[2018.12.24-01.28.08:664][664]CompilerResultsLog: Compiling game modules for hot reload
[2018.12.24-01.28.08:664][664]CompilerResultsLog: Using Visual Studio 2017 14.14.26428 toolchain (C:\Program Files (x86)\Microsoft Visual Studio\2017\Community\VC\Tools\MSVC\14.14.26428) and Windows 10.0.17134.0 SDK (C:\Program Files (x86)\Windows Kits\10).
[2018.12.24-01.28.08:664][664]CompilerResultsLog: Parsing headers for MaterialEditor
[2018.12.24-01.28.08:664][664]CompilerResultsLog:   Running UnrealHeaderTool "E:\FreeMakeGame\SmallGame\Client\Material\Material.uproject" "E:\FreeMakeGame\SmallGame\Client\Material\Intermediate\Build\Win64\MaterialEditor\Development\MaterialEditor.uhtmanifest" -LogCmds="loginit warning, logexit warning, logdatabase error" -Unattended -WarningsAsErrors -installed
[2018.12.24-01.28.08:664][664]CompilerResultsLog: Reflection code generated for MaterialEditor in 10.6722235 seconds
[2018.12.24-01.28.08:664][664]CompilerResultsLog: Building 5 actions with 8 processes...
[2018.12.24-01.28.08:665][664]CompilerResultsLog:   [1/5] Material.init.gen.cpp
[2018.12.24-01.28.08:665][664]CompilerResultsLog:   [2/5] SmallGameInstance.cpp
[2018.12.24-01.28.08:665][664]CompilerResultsLog:   [3/5] SmallGameInstance.gen.cpp
[2018.12.24-01.28.08:665][664]CompilerResultsLog:   [4/5] UE4Editor-Material-9490.lib
[2018.12.24-01.28.08:665][664]CompilerResultsLog:     ????????? E:\FreeMakeGame\SmallGame\Client\Material\Intermediate\Build\Win64\UE4Editor\Development\Material\UE4Editor-Material-9490.lib ????? E:\FreeMakeGame\SmallGame\Client\Material\Intermediate\Build\Win64\UE4Editor\Development\Material\UE4Editor-Material-9490.exp
[2018.12.24-01.28.08:665][664]CompilerResultsLog:   [5/5] UE4Editor-Material-9490.dll
